2018-03-10T00:23:03+00:00 CRITICAL Uncaught Error: Call to undefined method WPSEO_Options::get() in /data/wwwroot/www.palletboxsale.com/wp-content/plugins/wordpress-seo/frontend/class-frontend.php:95
Stack trace:
#0 /data/wwwroot/www.palletboxsale.com/wp-content/plugins/wordpress-seo/frontend/class-frontend.php(174): WPSEO_Frontend->__construct()
#1 /data/wwwroot/www.palletboxsale.com/wp-content/plugins/wordpress-seo/inc/wpseo-functions.php(17): WPSEO_Frontend::get_instance()
#2 /data/wwwroot/www.palletboxsale.com/wp-includes/class-wp-hook.php(286): initialize_wpseo_front('')
#3 /data/wwwroot/www.palletboxsale.com/wp-includes/class-wp-hook.php(310): WP_Hook->apply_filters(NULL, Array)
#4 /data/wwwroot/www.palletboxsale.com/wp-includes/plugin.php(453): WP_Hook->do_action(Array)
#5 /data/wwwroot/www.palletboxsale.com/wp-settings.php(450): do_action('init')
#6 /data/wwwroot/www.palletboxsale.com/wp-config.php(92): require_once('/data/wwwroot/w...')
#7 /data/wwwroot/www.palletboxsale.com/wp-load.php(37): require_once('/data/wwwroot/w...')
#8 /data

2018-03-10T00:23:03+00:00 CRITICAL Uncaught Error: Call to undefined method WPSEO_Options::get() in /data/wwwroot/www.palletboxsale.com/wp-content/plugins/wordpress-seo/frontend/class-frontend.php:95
Stack trace:
#0 /data/wwwroot/www.palletboxsale.com/wp-content/plugins/wordpress-seo/frontend/class-frontend.php(174): WPSEO_Frontend->__construct()
#1 /data/wwwroot/www.palletboxsale.com/wp-content/plugins/wordpress-seo/inc/wpseo-functions.php(17): WPSEO_Frontend::get_instance()
#2 /data/wwwroot/www.palletboxsale.com/wp-includes/class-wp-hook.php(286): initialize_wpseo_front('')
#3 /data/wwwroot/www.palletboxsale.com/wp-includes/class-wp-hook.php(310): WP_Hook->apply_filters(NULL, Array)
#4 /data/wwwroot/www.palletboxsale.com/wp-includes/plugin.php(453): WP_Hook->do_action(Array)
#5 /data/wwwroot/www.palletboxsale.com/wp-settings.php(450): do_action('init')
#6 /data/wwwroot/www.palletboxsale.com/wp-config.php(92): require_once('/data/wwwroot/w...')
#7 /data/wwwroot/www.palletboxsale.com/wp-load.php(37): require_once('/data/wwwroot/w...')
#8 /data

2018-03-10T00:23:15+00:00 CRITICAL Uncaught Error: Call to undefined method WPSEO_Options::get() in /data/wwwroot/www.palletboxsale.com/wp-content/plugins/wordpress-seo/admin/notifiers/class-configuration-notifier.php:19
Stack trace:
#0 /data/wwwroot/www.palletboxsale.com/wp-content/plugins/wordpress-seo/admin/views/tabs/dashboard/dashboard.php(9): WPSEO_Configuration_Notifier->__construct()
#1 /data/wwwroot/www.palletboxsale.com/wp-content/plugins/wordpress-seo/admin/class-option-tabs-formatter.php(51): require_once('/data/wwwroot/w...')
#2 /data/wwwroot/www.palletboxsale.com/wp-content/plugins/wordpress-seo/admin/class-option-tabs.php(103): WPSEO_Option_Tabs_Formatter->run(Object(WPSEO_Option_Tabs), Object(Yoast_Form))
#3 /data/wwwroot/www.palletboxsale.com/wp-content/plugins/wordpress-seo/admin/pages/dashboard.php(61): WPSEO_Option_Tabs->display(Object(Yoast_Form))
#4 /data/wwwroot/www.palletboxsale.com/wp-content/plugins/wordpress-seo/admin/menu/class-menu.php(100): require_once('/data/wwwroot/w...')
#5 /data/wwwroot/www.palletboxsale.com/

2018-03-10T00:23:39+00:00 CRITICAL Uncaught Error: Call to protected method Yoast_Plugin_Conflict::clear_error() from context 'WPSEO_Upgrade' in /data/wwwroot/www.palletboxsale.com/wp-content/plugins/wordpress-seo/inc/class-upgrade.php:544
Stack trace:
#0 /data/wwwroot/www.palletboxsale.com/wp-content/plugins/wordpress-seo/inc/class-upgrade.php(94): WPSEO_Upgrade->upgrade_70()
#1 /data/wwwroot/www.palletboxsale.com/wp-content/plugins/wordpress-seo/wp-seo-main.php(270): WPSEO_Upgrade->__construct()
#2 /data/wwwroot/www.palletboxsale.com/wp-includes/class-wp-hook.php(286): wpseo_init('')
#3 /data/wwwroot/www.palletboxsale.com/wp-includes/class-wp-hook.php(310): WP_Hook->apply_filters(NULL, Array)
#4 /data/wwwroot/www.palletboxsale.com/wp-includes/plugin.php(453): WP_Hook->do_action(Array)
#5 /data/wwwroot/www.palletboxsale.com/wp-settings.php(327): do_action('plugins_loaded')
#6 /data/wwwroot/www.palletboxsale.com/wp-config.php(92): require_once('/data/wwwroot/w...')
#7 /data/wwwroot/www.palletboxsale.com/wp-load.php(37): require_once('/data/www

