2021-10-06T01:32:09+00:00 CRITICAL Uncaught Exception: Table 'palletboxsale.com.wp_pmxi_images' doesn't exist in /data/wwwroot/www.palletboxsale.com/wp-content/plugins/wp-all-import/models/model/record.php:78
Stack trace:
#0 /data/wwwroot/www.palletboxsale.com/wp-content/plugins/wp-all-import/actions/add_attachment.php(22): PMXI_Model_Record->insert()
#1 /data/wwwroot/www.palletboxsale.com/wp-includes/class-wp-hook.php(303): pmxi_add_attachment(26569)
#2 /data/wwwroot/www.palletboxsale.com/wp-includes/class-wp-hook.php(327): WP_Hook->apply_filters('', Array)
#3 /data/wwwroot/www.palletboxsale.com/wp-includes/plugin.php(470): WP_Hook->do_action(Array)
#4 /data/wwwroot/www.palletboxsale.com/wp-includes/post.php(4401): do_action('add_attachment', 26569)
#5 /data/wwwroot/www.palletboxsale.com/wp-includes/post.php(6084): wp_insert_post(Array, false, true)
#6 /data/wwwroot/www.palletboxsale.com/wp-content/plugins/woocommerce/includes/class-wc-install.php(1335): wp_insert_attachment(Array, '/data/wwwroot/w...')
#7 /data/wwwroot/www.palletboxsale.com/ in /data/wwwroot/www.palletboxsale.com/wp-content/plugins/wp-all-import/models/model/record.php on line 78

2021-10-06T03:59:59+00:00 CRITICAL Uncaught Exception: Table 'palletboxsale.com.wp_pmxi_images' doesn't exist in /data/wwwroot/www.palletboxsale.com/wp-content/plugins/wp-all-import/models/model/record.php:78
Stack trace:
#0 /data/wwwroot/www.palletboxsale.com/wp-content/plugins/wp-all-import/actions/add_attachment.php(22): PMXI_Model_Record->insert()
#1 /data/wwwroot/www.palletboxsale.com/wp-includes/class-wp-hook.php(303): pmxi_add_attachment(26570)
#2 /data/wwwroot/www.palletboxsale.com/wp-includes/class-wp-hook.php(327): WP_Hook->apply_filters('', Array)
#3 /data/wwwroot/www.palletboxsale.com/wp-includes/plugin.php(470): WP_Hook->do_action(Array)
#4 /data/wwwroot/www.palletboxsale.com/wp-includes/post.php(4401): do_action('add_attachment', 26570)
#5 /data/wwwroot/www.palletboxsale.com/wp-includes/post.php(6084): wp_insert_post(Array, false, true)
#6 /data/wwwroot/www.palletboxsale.com/wp-content/plugins/woocommerce/includes/class-wc-install.php(1363): wp_insert_attachment(Array, '/data/wwwroot/w...')
#7 /data/wwwroot/www.palletboxsale.com/ in /data/wwwroot/www.palletboxsale.com/wp-content/plugins/wp-all-import/models/model/record.php on line 78

2021-10-06T04:14:00+00:00 CRITICAL Uncaught Exception: Table 'palletboxsale.com.wp_pmxi_images' doesn't exist in /data/wwwroot/www.palletboxsale.com/wp-content/plugins/wp-all-import/models/model/record.php:78
Stack trace:
#0 /data/wwwroot/www.palletboxsale.com/wp-content/plugins/wp-all-import/actions/add_attachment.php(22): PMXI_Model_Record->insert()
#1 /data/wwwroot/www.palletboxsale.com/wp-includes/class-wp-hook.php(303): pmxi_add_attachment(26571)
#2 /data/wwwroot/www.palletboxsale.com/wp-includes/class-wp-hook.php(327): WP_Hook->apply_filters('', Array)
#3 /data/wwwroot/www.palletboxsale.com/wp-includes/plugin.php(470): WP_Hook->do_action(Array)
#4 /data/wwwroot/www.palletboxsale.com/wp-includes/post.php(4401): do_action('add_attachment', 26571)
#5 /data/wwwroot/www.palletboxsale.com/wp-includes/post.php(6084): wp_insert_post(Array, false, true)
#6 /data/wwwroot/www.palletboxsale.com/wp-content/plugins/woocommerce/includes/class-wc-install.php(1363): wp_insert_attachment(Array, '/data/wwwroot/w...')
#7 /data/wwwroot/www.palletboxsale.com/ in /data/wwwroot/www.palletboxsale.com/wp-content/plugins/wp-all-import/models/model/record.php on line 78

2021-10-06T04:32:01+00:00 CRITICAL Uncaught Exception: Table 'palletboxsale.com.wp_pmxi_images' doesn't exist in /data/wwwroot/www.palletboxsale.com/wp-content/plugins/wp-all-import/models/model/record.php:78
Stack trace:
#0 /data/wwwroot/www.palletboxsale.com/wp-content/plugins/wp-all-import/actions/add_attachment.php(22): PMXI_Model_Record->insert()
#1 /data/wwwroot/www.palletboxsale.com/wp-includes/class-wp-hook.php(303): pmxi_add_attachment(26572)
#2 /data/wwwroot/www.palletboxsale.com/wp-includes/class-wp-hook.php(327): WP_Hook->apply_filters('', Array)
#3 /data/wwwroot/www.palletboxsale.com/wp-includes/plugin.php(470): WP_Hook->do_action(Array)
#4 /data/wwwroot/www.palletboxsale.com/wp-includes/post.php(4401): do_action('add_attachment', 26572)
#5 /data/wwwroot/www.palletboxsale.com/wp-includes/post.php(6084): wp_insert_post(Array, false, true)
#6 /data/wwwroot/www.palletboxsale.com/wp-content/plugins/woocommerce/includes/class-wc-install.php(1363): wp_insert_attachment(Array, '/data/wwwroot/w...')
#7 /data/wwwroot/www.palletboxsale.com/ in /data/wwwroot/www.palletboxsale.com/wp-content/plugins/wp-all-import/models/model/record.php on line 78

2021-10-06T04:50:53+00:00 CRITICAL Uncaught Exception: Table 'palletboxsale.com.wp_pmxi_images' doesn't exist in /data/wwwroot/www.palletboxsale.com/wp-content/plugins/wp-all-import/models/model/record.php:78
Stack trace:
#0 /data/wwwroot/www.palletboxsale.com/wp-content/plugins/wp-all-import/actions/add_attachment.php(22): PMXI_Model_Record->insert()
#1 /data/wwwroot/www.palletboxsale.com/wp-includes/class-wp-hook.php(303): pmxi_add_attachment(26573)
#2 /data/wwwroot/www.palletboxsale.com/wp-includes/class-wp-hook.php(327): WP_Hook->apply_filters('', Array)
#3 /data/wwwroot/www.palletboxsale.com/wp-includes/plugin.php(470): WP_Hook->do_action(Array)
#4 /data/wwwroot/www.palletboxsale.com/wp-includes/post.php(4401): do_action('add_attachment', 26573)
#5 /data/wwwroot/www.palletboxsale.com/wp-includes/post.php(6084): wp_insert_post(Array, false, true)
#6 /data/wwwroot/www.palletboxsale.com/wp-content/plugins/woocommerce/includes/class-wc-install.php(1363): wp_insert_attachment(Array, '/data/wwwroot/w...')
#7 /data/wwwroot/www.palletboxsale.com/ in /data/wwwroot/www.palletboxsale.com/wp-content/plugins/wp-all-import/models/model/record.php on line 78

2021-10-06T05:01:15+00:00 CRITICAL Uncaught Exception: Table 'palletboxsale.com.wp_pmxi_images' doesn't exist in /data/wwwroot/www.palletboxsale.com/wp-content/plugins/wp-all-import/models/model/record.php:78
Stack trace:
#0 /data/wwwroot/www.palletboxsale.com/wp-content/plugins/wp-all-import/actions/add_attachment.php(22): PMXI_Model_Record->insert()
#1 /data/wwwroot/www.palletboxsale.com/wp-includes/class-wp-hook.php(303): pmxi_add_attachment(26574)
#2 /data/wwwroot/www.palletboxsale.com/wp-includes/class-wp-hook.php(327): WP_Hook->apply_filters('', Array)
#3 /data/wwwroot/www.palletboxsale.com/wp-includes/plugin.php(470): WP_Hook->do_action(Array)
#4 /data/wwwroot/www.palletboxsale.com/wp-includes/post.php(4401): do_action('add_attachment', 26574)
#5 /data/wwwroot/www.palletboxsale.com/wp-includes/post.php(6084): wp_insert_post(Array, false, true)
#6 /data/wwwroot/www.palletboxsale.com/wp-content/plugins/woocommerce/includes/class-wc-install.php(1363): wp_insert_attachment(Array, '/data/wwwroot/w...')
#7 /data/wwwroot/www.palletboxsale.com/ in /data/wwwroot/www.palletboxsale.com/wp-content/plugins/wp-all-import/models/model/record.php on line 78

2021-10-06T05:19:11+00:00 CRITICAL Uncaught Exception: Table 'palletboxsale.com.wp_pmxi_images' doesn't exist in /data/wwwroot/www.palletboxsale.com/wp-content/plugins/wp-all-import/models/model/record.php:78
Stack trace:
#0 /data/wwwroot/www.palletboxsale.com/wp-content/plugins/wp-all-import/actions/add_attachment.php(22): PMXI_Model_Record->insert()
#1 /data/wwwroot/www.palletboxsale.com/wp-includes/class-wp-hook.php(303): pmxi_add_attachment(26575)
#2 /data/wwwroot/www.palletboxsale.com/wp-includes/class-wp-hook.php(327): WP_Hook->apply_filters('', Array)
#3 /data/wwwroot/www.palletboxsale.com/wp-includes/plugin.php(470): WP_Hook->do_action(Array)
#4 /data/wwwroot/www.palletboxsale.com/wp-includes/post.php(4401): do_action('add_attachment', 26575)
#5 /data/wwwroot/www.palletboxsale.com/wp-includes/post.php(6084): wp_insert_post(Array, false, true)
#6 /data/wwwroot/www.palletboxsale.com/wp-content/plugins/woocommerce/includes/class-wc-install.php(1363): wp_insert_attachment(Array, '/data/wwwroot/w...')
#7 /data/wwwroot/www.palletboxsale.com/ in /data/wwwroot/www.palletboxsale.com/wp-content/plugins/wp-all-import/models/model/record.php on line 78

2021-10-06T05:37:38+00:00 CRITICAL Uncaught Exception: Table 'palletboxsale.com.wp_pmxi_images' doesn't exist in /data/wwwroot/www.palletboxsale.com/wp-content/plugins/wp-all-import/models/model/record.php:78
Stack trace:
#0 /data/wwwroot/www.palletboxsale.com/wp-content/plugins/wp-all-import/actions/add_attachment.php(22): PMXI_Model_Record->insert()
#1 /data/wwwroot/www.palletboxsale.com/wp-includes/class-wp-hook.php(303): pmxi_add_attachment(26576)
#2 /data/wwwroot/www.palletboxsale.com/wp-includes/class-wp-hook.php(327): WP_Hook->apply_filters('', Array)
#3 /data/wwwroot/www.palletboxsale.com/wp-includes/plugin.php(470): WP_Hook->do_action(Array)
#4 /data/wwwroot/www.palletboxsale.com/wp-includes/post.php(4401): do_action('add_attachment', 26576)
#5 /data/wwwroot/www.palletboxsale.com/wp-includes/post.php(6084): wp_insert_post(Array, false, true)
#6 /data/wwwroot/www.palletboxsale.com/wp-content/plugins/woocommerce/includes/class-wc-install.php(1363): wp_insert_attachment(Array, '/data/wwwroot/w...')
#7 /data/wwwroot/www.palletboxsale.com/ in /data/wwwroot/www.palletboxsale.com/wp-content/plugins/wp-all-import/models/model/record.php on line 78

2021-10-06T06:06:34+00:00 CRITICAL Uncaught Exception: Table 'palletboxsale.com.wp_pmxi_images' doesn't exist in /data/wwwroot/www.palletboxsale.com/wp-content/plugins/wp-all-import/models/model/record.php:78
Stack trace:
#0 /data/wwwroot/www.palletboxsale.com/wp-content/plugins/wp-all-import/actions/add_attachment.php(22): PMXI_Model_Record->insert()
#1 /data/wwwroot/www.palletboxsale.com/wp-includes/class-wp-hook.php(303): pmxi_add_attachment(26577)
#2 /data/wwwroot/www.palletboxsale.com/wp-includes/class-wp-hook.php(327): WP_Hook->apply_filters('', Array)
#3 /data/wwwroot/www.palletboxsale.com/wp-includes/plugin.php(470): WP_Hook->do_action(Array)
#4 /data/wwwroot/www.palletboxsale.com/wp-includes/post.php(4401): do_action('add_attachment', 26577)
#5 /data/wwwroot/www.palletboxsale.com/wp-includes/post.php(6084): wp_insert_post(Array, false, true)
#6 /data/wwwroot/www.palletboxsale.com/wp-content/plugins/woocommerce/includes/class-wc-install.php(1363): wp_insert_attachment(Array, '/data/wwwroot/w...')
#7 /data/wwwroot/www.palletboxsale.com/ in /data/wwwroot/www.palletboxsale.com/wp-content/plugins/wp-all-import/models/model/record.php on line 78

2021-10-06T06:35:13+00:00 CRITICAL Uncaught Exception: Table 'palletboxsale.com.wp_pmxi_images' doesn't exist in /data/wwwroot/www.palletboxsale.com/wp-content/plugins/wp-all-import/models/model/record.php:78
Stack trace:
#0 /data/wwwroot/www.palletboxsale.com/wp-content/plugins/wp-all-import/actions/add_attachment.php(22): PMXI_Model_Record->insert()
#1 /data/wwwroot/www.palletboxsale.com/wp-includes/class-wp-hook.php(303): pmxi_add_attachment(26578)
#2 /data/wwwroot/www.palletboxsale.com/wp-includes/class-wp-hook.php(327): WP_Hook->apply_filters('', Array)
#3 /data/wwwroot/www.palletboxsale.com/wp-includes/plugin.php(470): WP_Hook->do_action(Array)
#4 /data/wwwroot/www.palletboxsale.com/wp-includes/post.php(4401): do_action('add_attachment', 26578)
#5 /data/wwwroot/www.palletboxsale.com/wp-includes/post.php(6084): wp_insert_post(Array, false, true)
#6 /data/wwwroot/www.palletboxsale.com/wp-content/plugins/woocommerce/includes/class-wc-install.php(1363): wp_insert_attachment(Array, '/data/wwwroot/w...')
#7 /data/wwwroot/www.palletboxsale.com/ in /data/wwwroot/www.palletboxsale.com/wp-content/plugins/wp-all-import/models/model/record.php on line 78

2021-10-06T06:47:04+00:00 CRITICAL Uncaught Exception: Table 'palletboxsale.com.wp_pmxi_images' doesn't exist in /data/wwwroot/www.palletboxsale.com/wp-content/plugins/wp-all-import/models/model/record.php:78
Stack trace:
#0 /data/wwwroot/www.palletboxsale.com/wp-content/plugins/wp-all-import/actions/add_attachment.php(22): PMXI_Model_Record->insert()
#1 /data/wwwroot/www.palletboxsale.com/wp-includes/class-wp-hook.php(303): pmxi_add_attachment(26579)
#2 /data/wwwroot/www.palletboxsale.com/wp-includes/class-wp-hook.php(327): WP_Hook->apply_filters('', Array)
#3 /data/wwwroot/www.palletboxsale.com/wp-includes/plugin.php(470): WP_Hook->do_action(Array)
#4 /data/wwwroot/www.palletboxsale.com/wp-includes/post.php(4401): do_action('add_attachment', 26579)
#5 /data/wwwroot/www.palletboxsale.com/wp-includes/post.php(6084): wp_insert_post(Array, false, true)
#6 /data/wwwroot/www.palletboxsale.com/wp-content/plugins/woocommerce/includes/class-wc-install.php(1363): wp_insert_attachment(Array, '/data/wwwroot/w...')
#7 /data/wwwroot/www.palletboxsale.com/ in /data/wwwroot/www.palletboxsale.com/wp-content/plugins/wp-all-import/models/model/record.php on line 78

2021-10-06T07:00:33+00:00 CRITICAL Uncaught Exception: Table 'palletboxsale.com.wp_pmxi_images' doesn't exist in /data/wwwroot/www.palletboxsale.com/wp-content/plugins/wp-all-import/models/model/record.php:78
Stack trace:
#0 /data/wwwroot/www.palletboxsale.com/wp-content/plugins/wp-all-import/actions/add_attachment.php(22): PMXI_Model_Record->insert()
#1 /data/wwwroot/www.palletboxsale.com/wp-includes/class-wp-hook.php(303): pmxi_add_attachment(26580)
#2 /data/wwwroot/www.palletboxsale.com/wp-includes/class-wp-hook.php(327): WP_Hook->apply_filters('', Array)
#3 /data/wwwroot/www.palletboxsale.com/wp-includes/plugin.php(470): WP_Hook->do_action(Array)
#4 /data/wwwroot/www.palletboxsale.com/wp-includes/post.php(4401): do_action('add_attachment', 26580)
#5 /data/wwwroot/www.palletboxsale.com/wp-includes/post.php(6084): wp_insert_post(Array, false, true)
#6 /data/wwwroot/www.palletboxsale.com/wp-content/plugins/woocommerce/includes/class-wc-install.php(1363): wp_insert_attachment(Array, '/data/wwwroot/w...')
#7 /data/wwwroot/www.palletboxsale.com/ in /data/wwwroot/www.palletboxsale.com/wp-content/plugins/wp-all-import/models/model/record.php on line 78

2021-10-06T07:13:42+00:00 CRITICAL Uncaught Exception: Table 'palletboxsale.com.wp_pmxi_images' doesn't exist in /data/wwwroot/www.palletboxsale.com/wp-content/plugins/wp-all-import/models/model/record.php:78
Stack trace:
#0 /data/wwwroot/www.palletboxsale.com/wp-content/plugins/wp-all-import/actions/add_attachment.php(22): PMXI_Model_Record->insert()
#1 /data/wwwroot/www.palletboxsale.com/wp-includes/class-wp-hook.php(303): pmxi_add_attachment(26581)
#2 /data/wwwroot/www.palletboxsale.com/wp-includes/class-wp-hook.php(327): WP_Hook->apply_filters('', Array)
#3 /data/wwwroot/www.palletboxsale.com/wp-includes/plugin.php(470): WP_Hook->do_action(Array)
#4 /data/wwwroot/www.palletboxsale.com/wp-includes/post.php(4401): do_action('add_attachment', 26581)
#5 /data/wwwroot/www.palletboxsale.com/wp-includes/post.php(6084): wp_insert_post(Array, false, true)
#6 /data/wwwroot/www.palletboxsale.com/wp-content/plugins/woocommerce/includes/class-wc-install.php(1363): wp_insert_attachment(Array, '/data/wwwroot/w...')
#7 /data/wwwroot/www.palletboxsale.com/ in /data/wwwroot/www.palletboxsale.com/wp-content/plugins/wp-all-import/models/model/record.php on line 78

2021-10-06T07:25:07+00:00 CRITICAL Uncaught Exception: Table 'palletboxsale.com.wp_pmxi_images' doesn't exist in /data/wwwroot/www.palletboxsale.com/wp-content/plugins/wp-all-import/models/model/record.php:78
Stack trace:
#0 /data/wwwroot/www.palletboxsale.com/wp-content/plugins/wp-all-import/actions/add_attachment.php(22): PMXI_Model_Record->insert()
#1 /data/wwwroot/www.palletboxsale.com/wp-includes/class-wp-hook.php(303): pmxi_add_attachment(26582)
#2 /data/wwwroot/www.palletboxsale.com/wp-includes/class-wp-hook.php(327): WP_Hook->apply_filters('', Array)
#3 /data/wwwroot/www.palletboxsale.com/wp-includes/plugin.php(470): WP_Hook->do_action(Array)
#4 /data/wwwroot/www.palletboxsale.com/wp-includes/post.php(4401): do_action('add_attachment', 26582)
#5 /data/wwwroot/www.palletboxsale.com/wp-includes/post.php(6084): wp_insert_post(Array, false, true)
#6 /data/wwwroot/www.palletboxsale.com/wp-content/plugins/woocommerce/includes/class-wc-install.php(1363): wp_insert_attachment(Array, '/data/wwwroot/w...')
#7 /data/wwwroot/www.palletboxsale.com/ in /data/wwwroot/www.palletboxsale.com/wp-content/plugins/wp-all-import/models/model/record.php on line 78

2021-10-06T07:38:22+00:00 CRITICAL Uncaught Exception: Table 'palletboxsale.com.wp_pmxi_images' doesn't exist in /data/wwwroot/www.palletboxsale.com/wp-content/plugins/wp-all-import/models/model/record.php:78
Stack trace:
#0 /data/wwwroot/www.palletboxsale.com/wp-content/plugins/wp-all-import/actions/add_attachment.php(22): PMXI_Model_Record->insert()
#1 /data/wwwroot/www.palletboxsale.com/wp-includes/class-wp-hook.php(303): pmxi_add_attachment(26583)
#2 /data/wwwroot/www.palletboxsale.com/wp-includes/class-wp-hook.php(327): WP_Hook->apply_filters('', Array)
#3 /data/wwwroot/www.palletboxsale.com/wp-includes/plugin.php(470): WP_Hook->do_action(Array)
#4 /data/wwwroot/www.palletboxsale.com/wp-includes/post.php(4401): do_action('add_attachment', 26583)
#5 /data/wwwroot/www.palletboxsale.com/wp-includes/post.php(6084): wp_insert_post(Array, false, true)
#6 /data/wwwroot/www.palletboxsale.com/wp-content/plugins/woocommerce/includes/class-wc-install.php(1363): wp_insert_attachment(Array, '/data/wwwroot/w...')
#7 /data/wwwroot/www.palletboxsale.com/ in /data/wwwroot/www.palletboxsale.com/wp-content/plugins/wp-all-import/models/model/record.php on line 78

2021-10-06T07:50:04+00:00 CRITICAL Uncaught Exception: Table 'palletboxsale.com.wp_pmxi_images' doesn't exist in /data/wwwroot/www.palletboxsale.com/wp-content/plugins/wp-all-import/models/model/record.php:78
Stack trace:
#0 /data/wwwroot/www.palletboxsale.com/wp-content/plugins/wp-all-import/actions/add_attachment.php(22): PMXI_Model_Record->insert()
#1 /data/wwwroot/www.palletboxsale.com/wp-includes/class-wp-hook.php(303): pmxi_add_attachment(26584)
#2 /data/wwwroot/www.palletboxsale.com/wp-includes/class-wp-hook.php(327): WP_Hook->apply_filters('', Array)
#3 /data/wwwroot/www.palletboxsale.com/wp-includes/plugin.php(470): WP_Hook->do_action(Array)
#4 /data/wwwroot/www.palletboxsale.com/wp-includes/post.php(4401): do_action('add_attachment', 26584)
#5 /data/wwwroot/www.palletboxsale.com/wp-includes/post.php(6084): wp_insert_post(Array, false, true)
#6 /data/wwwroot/www.palletboxsale.com/wp-content/plugins/woocommerce/includes/class-wc-install.php(1363): wp_insert_attachment(Array, '/data/wwwroot/w...')
#7 /data/wwwroot/www.palletboxsale.com/ in /data/wwwroot/www.palletboxsale.com/wp-content/plugins/wp-all-import/models/model/record.php on line 78

2021-10-06T08:12:29+00:00 CRITICAL Uncaught Exception: Table 'palletboxsale.com.wp_pmxi_images' doesn't exist in /data/wwwroot/www.palletboxsale.com/wp-content/plugins/wp-all-import/models/model/record.php:78
Stack trace:
#0 /data/wwwroot/www.palletboxsale.com/wp-content/plugins/wp-all-import/actions/add_attachment.php(22): PMXI_Model_Record->insert()
#1 /data/wwwroot/www.palletboxsale.com/wp-includes/class-wp-hook.php(303): pmxi_add_attachment(26586)
#2 /data/wwwroot/www.palletboxsale.com/wp-includes/class-wp-hook.php(327): WP_Hook->apply_filters('', Array)
#3 /data/wwwroot/www.palletboxsale.com/wp-includes/plugin.php(470): WP_Hook->do_action(Array)
#4 /data/wwwroot/www.palletboxsale.com/wp-includes/post.php(4401): do_action('add_attachment', 26586)
#5 /data/wwwroot/www.palletboxsale.com/wp-includes/post.php(6084): wp_insert_post(Array, false, true)
#6 /data/wwwroot/www.palletboxsale.com/wp-content/plugins/woocommerce/includes/class-wc-install.php(1363): wp_insert_attachment(Array, '/data/wwwroot/w...')
#7 /data/wwwroot/www.palletboxsale.com/ in /data/wwwroot/www.palletboxsale.com/wp-content/plugins/wp-all-import/models/model/record.php on line 78

2021-10-06T08:23:02+00:00 CRITICAL Uncaught Exception: Table 'palletboxsale.com.wp_pmxi_images' doesn't exist in /data/wwwroot/www.palletboxsale.com/wp-content/plugins/wp-all-import/models/model/record.php:78
Stack trace:
#0 /data/wwwroot/www.palletboxsale.com/wp-content/plugins/wp-all-import/actions/add_attachment.php(22): PMXI_Model_Record->insert()
#1 /data/wwwroot/www.palletboxsale.com/wp-includes/class-wp-hook.php(303): pmxi_add_attachment(26587)
#2 /data/wwwroot/www.palletboxsale.com/wp-includes/class-wp-hook.php(327): WP_Hook->apply_filters('', Array)
#3 /data/wwwroot/www.palletboxsale.com/wp-includes/plugin.php(470): WP_Hook->do_action(Array)
#4 /data/wwwroot/www.palletboxsale.com/wp-includes/post.php(4401): do_action('add_attachment', 26587)
#5 /data/wwwroot/www.palletboxsale.com/wp-includes/post.php(6084): wp_insert_post(Array, false, true)
#6 /data/wwwroot/www.palletboxsale.com/wp-content/plugins/woocommerce/includes/class-wc-install.php(1363): wp_insert_attachment(Array, '/data/wwwroot/w...')
#7 /data/wwwroot/www.palletboxsale.com/ in /data/wwwroot/www.palletboxsale.com/wp-content/plugins/wp-all-import/models/model/record.php on line 78

2021-10-06T08:38:00+00:00 CRITICAL Uncaught Exception: Table 'palletboxsale.com.wp_pmxi_images' doesn't exist in /data/wwwroot/www.palletboxsale.com/wp-content/plugins/wp-all-import/models/model/record.php:78
Stack trace:
#0 /data/wwwroot/www.palletboxsale.com/wp-content/plugins/wp-all-import/actions/add_attachment.php(22): PMXI_Model_Record->insert()
#1 /data/wwwroot/www.palletboxsale.com/wp-includes/class-wp-hook.php(303): pmxi_add_attachment(26588)
#2 /data/wwwroot/www.palletboxsale.com/wp-includes/class-wp-hook.php(327): WP_Hook->apply_filters('', Array)
#3 /data/wwwroot/www.palletboxsale.com/wp-includes/plugin.php(470): WP_Hook->do_action(Array)
#4 /data/wwwroot/www.palletboxsale.com/wp-includes/post.php(4401): do_action('add_attachment', 26588)
#5 /data/wwwroot/www.palletboxsale.com/wp-includes/post.php(6084): wp_insert_post(Array, false, true)
#6 /data/wwwroot/www.palletboxsale.com/wp-content/plugins/woocommerce/includes/class-wc-install.php(1363): wp_insert_attachment(Array, '/data/wwwroot/w...')
#7 /data/wwwroot/www.palletboxsale.com/ in /data/wwwroot/www.palletboxsale.com/wp-content/plugins/wp-all-import/models/model/record.php on line 78

2021-10-06T08:57:38+00:00 CRITICAL Uncaught Exception: Table 'palletboxsale.com.wp_pmxi_images' doesn't exist in /data/wwwroot/www.palletboxsale.com/wp-content/plugins/wp-all-import/models/model/record.php:78
Stack trace:
#0 /data/wwwroot/www.palletboxsale.com/wp-content/plugins/wp-all-import/actions/add_attachment.php(22): PMXI_Model_Record->insert()
#1 /data/wwwroot/www.palletboxsale.com/wp-includes/class-wp-hook.php(303): pmxi_add_attachment(26589)
#2 /data/wwwroot/www.palletboxsale.com/wp-includes/class-wp-hook.php(327): WP_Hook->apply_filters('', Array)
#3 /data/wwwroot/www.palletboxsale.com/wp-includes/plugin.php(470): WP_Hook->do_action(Array)
#4 /data/wwwroot/www.palletboxsale.com/wp-includes/post.php(4401): do_action('add_attachment', 26589)
#5 /data/wwwroot/www.palletboxsale.com/wp-includes/post.php(6084): wp_insert_post(Array, false, true)
#6 /data/wwwroot/www.palletboxsale.com/wp-content/plugins/woocommerce/includes/class-wc-install.php(1363): wp_insert_attachment(Array, '/data/wwwroot/w...')
#7 /data/wwwroot/www.palletboxsale.com/ in /data/wwwroot/www.palletboxsale.com/wp-content/plugins/wp-all-import/models/model/record.php on line 78

2021-10-06T09:10:27+00:00 CRITICAL Uncaught Exception: Table 'palletboxsale.com.wp_pmxi_images' doesn't exist in /data/wwwroot/www.palletboxsale.com/wp-content/plugins/wp-all-import/models/model/record.php:78
Stack trace:
#0 /data/wwwroot/www.palletboxsale.com/wp-content/plugins/wp-all-import/actions/add_attachment.php(22): PMXI_Model_Record->insert()
#1 /data/wwwroot/www.palletboxsale.com/wp-includes/class-wp-hook.php(303): pmxi_add_attachment(26590)
#2 /data/wwwroot/www.palletboxsale.com/wp-includes/class-wp-hook.php(327): WP_Hook->apply_filters('', Array)
#3 /data/wwwroot/www.palletboxsale.com/wp-includes/plugin.php(470): WP_Hook->do_action(Array)
#4 /data/wwwroot/www.palletboxsale.com/wp-includes/post.php(4401): do_action('add_attachment', 26590)
#5 /data/wwwroot/www.palletboxsale.com/wp-includes/post.php(6084): wp_insert_post(Array, false, true)
#6 /data/wwwroot/www.palletboxsale.com/wp-content/plugins/woocommerce/includes/class-wc-install.php(1363): wp_insert_attachment(Array, '/data/wwwroot/w...')
#7 /data/wwwroot/www.palletboxsale.com/ in /data/wwwroot/www.palletboxsale.com/wp-content/plugins/wp-all-import/models/model/record.php on line 78

2021-10-06T09:21:43+00:00 CRITICAL Uncaught Exception: Table 'palletboxsale.com.wp_pmxi_images' doesn't exist in /data/wwwroot/www.palletboxsale.com/wp-content/plugins/wp-all-import/models/model/record.php:78
Stack trace:
#0 /data/wwwroot/www.palletboxsale.com/wp-content/plugins/wp-all-import/actions/add_attachment.php(22): PMXI_Model_Record->insert()
#1 /data/wwwroot/www.palletboxsale.com/wp-includes/class-wp-hook.php(303): pmxi_add_attachment(26591)
#2 /data/wwwroot/www.palletboxsale.com/wp-includes/class-wp-hook.php(327): WP_Hook->apply_filters('', Array)
#3 /data/wwwroot/www.palletboxsale.com/wp-includes/plugin.php(470): WP_Hook->do_action(Array)
#4 /data/wwwroot/www.palletboxsale.com/wp-includes/post.php(4401): do_action('add_attachment', 26591)
#5 /data/wwwroot/www.palletboxsale.com/wp-includes/post.php(6084): wp_insert_post(Array, false, true)
#6 /data/wwwroot/www.palletboxsale.com/wp-content/plugins/woocommerce/includes/class-wc-install.php(1363): wp_insert_attachment(Array, '/data/wwwroot/w...')
#7 /data/wwwroot/www.palletboxsale.com/ in /data/wwwroot/www.palletboxsale.com/wp-content/plugins/wp-all-import/models/model/record.php on line 78

2021-10-06T09:43:09+00:00 CRITICAL Uncaught Exception: Table 'palletboxsale.com.wp_pmxi_images' doesn't exist in /data/wwwroot/www.palletboxsale.com/wp-content/plugins/wp-all-import/models/model/record.php:78
Stack trace:
#0 /data/wwwroot/www.palletboxsale.com/wp-content/plugins/wp-all-import/actions/add_attachment.php(22): PMXI_Model_Record->insert()
#1 /data/wwwroot/www.palletboxsale.com/wp-includes/class-wp-hook.php(303): pmxi_add_attachment(26592)
#2 /data/wwwroot/www.palletboxsale.com/wp-includes/class-wp-hook.php(327): WP_Hook->apply_filters('', Array)
#3 /data/wwwroot/www.palletboxsale.com/wp-includes/plugin.php(470): WP_Hook->do_action(Array)
#4 /data/wwwroot/www.palletboxsale.com/wp-includes/post.php(4401): do_action('add_attachment', 26592)
#5 /data/wwwroot/www.palletboxsale.com/wp-includes/post.php(6084): wp_insert_post(Array, false, true)
#6 /data/wwwroot/www.palletboxsale.com/wp-content/plugins/woocommerce/includes/class-wc-install.php(1363): wp_insert_attachment(Array, '/data/wwwroot/w...')
#7 /data/wwwroot/www.palletboxsale.com/ in /data/wwwroot/www.palletboxsale.com/wp-content/plugins/wp-all-import/models/model/record.php on line 78

2021-10-06T09:54:52+00:00 CRITICAL Uncaught Exception: Table 'palletboxsale.com.wp_pmxi_images' doesn't exist in /data/wwwroot/www.palletboxsale.com/wp-content/plugins/wp-all-import/models/model/record.php:78
Stack trace:
#0 /data/wwwroot/www.palletboxsale.com/wp-content/plugins/wp-all-import/actions/add_attachment.php(22): PMXI_Model_Record->insert()
#1 /data/wwwroot/www.palletboxsale.com/wp-includes/class-wp-hook.php(303): pmxi_add_attachment(26593)
#2 /data/wwwroot/www.palletboxsale.com/wp-includes/class-wp-hook.php(327): WP_Hook->apply_filters('', Array)
#3 /data/wwwroot/www.palletboxsale.com/wp-includes/plugin.php(470): WP_Hook->do_action(Array)
#4 /data/wwwroot/www.palletboxsale.com/wp-includes/post.php(4401): do_action('add_attachment', 26593)
#5 /data/wwwroot/www.palletboxsale.com/wp-includes/post.php(6084): wp_insert_post(Array, false, true)
#6 /data/wwwroot/www.palletboxsale.com/wp-content/plugins/woocommerce/includes/class-wc-install.php(1363): wp_insert_attachment(Array, '/data/wwwroot/w...')
#7 /data/wwwroot/www.palletboxsale.com/ in /data/wwwroot/www.palletboxsale.com/wp-content/plugins/wp-all-import/models/model/record.php on line 78

2021-10-06T10:16:21+00:00 CRITICAL Uncaught Exception: Table 'palletboxsale.com.wp_pmxi_images' doesn't exist in /data/wwwroot/www.palletboxsale.com/wp-content/plugins/wp-all-import/models/model/record.php:78
Stack trace:
#0 /data/wwwroot/www.palletboxsale.com/wp-content/plugins/wp-all-import/actions/add_attachment.php(22): PMXI_Model_Record->insert()
#1 /data/wwwroot/www.palletboxsale.com/wp-includes/class-wp-hook.php(303): pmxi_add_attachment(26594)
#2 /data/wwwroot/www.palletboxsale.com/wp-includes/class-wp-hook.php(327): WP_Hook->apply_filters('', Array)
#3 /data/wwwroot/www.palletboxsale.com/wp-includes/plugin.php(470): WP_Hook->do_action(Array)
#4 /data/wwwroot/www.palletboxsale.com/wp-includes/post.php(4401): do_action('add_attachment', 26594)
#5 /data/wwwroot/www.palletboxsale.com/wp-includes/post.php(6084): wp_insert_post(Array, false, true)
#6 /data/wwwroot/www.palletboxsale.com/wp-content/plugins/woocommerce/includes/class-wc-install.php(1363): wp_insert_attachment(Array, '/data/wwwroot/w...')
#7 /data/wwwroot/www.palletboxsale.com/ in /data/wwwroot/www.palletboxsale.com/wp-content/plugins/wp-all-import/models/model/record.php on line 78

2021-10-06T10:28:50+00:00 CRITICAL Uncaught Exception: Table 'palletboxsale.com.wp_pmxi_images' doesn't exist in /data/wwwroot/www.palletboxsale.com/wp-content/plugins/wp-all-import/models/model/record.php:78
Stack trace:
#0 /data/wwwroot/www.palletboxsale.com/wp-content/plugins/wp-all-import/actions/add_attachment.php(22): PMXI_Model_Record->insert()
#1 /data/wwwroot/www.palletboxsale.com/wp-includes/class-wp-hook.php(303): pmxi_add_attachment(26595)
#2 /data/wwwroot/www.palletboxsale.com/wp-includes/class-wp-hook.php(327): WP_Hook->apply_filters('', Array)
#3 /data/wwwroot/www.palletboxsale.com/wp-includes/plugin.php(470): WP_Hook->do_action(Array)
#4 /data/wwwroot/www.palletboxsale.com/wp-includes/post.php(4401): do_action('add_attachment', 26595)
#5 /data/wwwroot/www.palletboxsale.com/wp-includes/post.php(6084): wp_insert_post(Array, false, true)
#6 /data/wwwroot/www.palletboxsale.com/wp-content/plugins/woocommerce/includes/class-wc-install.php(1363): wp_insert_attachment(Array, '/data/wwwroot/w...')
#7 /data/wwwroot/www.palletboxsale.com/ in /data/wwwroot/www.palletboxsale.com/wp-content/plugins/wp-all-import/models/model/record.php on line 78

2021-10-06T10:40:26+00:00 CRITICAL Uncaught Exception: Table 'palletboxsale.com.wp_pmxi_images' doesn't exist in /data/wwwroot/www.palletboxsale.com/wp-content/plugins/wp-all-import/models/model/record.php:78
Stack trace:
#0 /data/wwwroot/www.palletboxsale.com/wp-content/plugins/wp-all-import/actions/add_attachment.php(22): PMXI_Model_Record->insert()
#1 /data/wwwroot/www.palletboxsale.com/wp-includes/class-wp-hook.php(303): pmxi_add_attachment(26596)
#2 /data/wwwroot/www.palletboxsale.com/wp-includes/class-wp-hook.php(327): WP_Hook->apply_filters('', Array)
#3 /data/wwwroot/www.palletboxsale.com/wp-includes/plugin.php(470): WP_Hook->do_action(Array)
#4 /data/wwwroot/www.palletboxsale.com/wp-includes/post.php(4401): do_action('add_attachment', 26596)
#5 /data/wwwroot/www.palletboxsale.com/wp-includes/post.php(6084): wp_insert_post(Array, false, true)
#6 /data/wwwroot/www.palletboxsale.com/wp-content/plugins/woocommerce/includes/class-wc-install.php(1363): wp_insert_attachment(Array, '/data/wwwroot/w...')
#7 /data/wwwroot/www.palletboxsale.com/ in /data/wwwroot/www.palletboxsale.com/wp-content/plugins/wp-all-import/models/model/record.php on line 78

2021-10-06T10:53:49+00:00 CRITICAL Uncaught Exception: Table 'palletboxsale.com.wp_pmxi_images' doesn't exist in /data/wwwroot/www.palletboxsale.com/wp-content/plugins/wp-all-import/models/model/record.php:78
Stack trace:
#0 /data/wwwroot/www.palletboxsale.com/wp-content/plugins/wp-all-import/actions/add_attachment.php(22): PMXI_Model_Record->insert()
#1 /data/wwwroot/www.palletboxsale.com/wp-includes/class-wp-hook.php(303): pmxi_add_attachment(26597)
#2 /data/wwwroot/www.palletboxsale.com/wp-includes/class-wp-hook.php(327): WP_Hook->apply_filters('', Array)
#3 /data/wwwroot/www.palletboxsale.com/wp-includes/plugin.php(470): WP_Hook->do_action(Array)
#4 /data/wwwroot/www.palletboxsale.com/wp-includes/post.php(4401): do_action('add_attachment', 26597)
#5 /data/wwwroot/www.palletboxsale.com/wp-includes/post.php(6084): wp_insert_post(Array, false, true)
#6 /data/wwwroot/www.palletboxsale.com/wp-content/plugins/woocommerce/includes/class-wc-install.php(1363): wp_insert_attachment(Array, '/data/wwwroot/w...')
#7 /data/wwwroot/www.palletboxsale.com/ in /data/wwwroot/www.palletboxsale.com/wp-content/plugins/wp-all-import/models/model/record.php on line 78

2021-10-06T11:04:37+00:00 CRITICAL Uncaught Exception: Table 'palletboxsale.com.wp_pmxi_images' doesn't exist in /data/wwwroot/www.palletboxsale.com/wp-content/plugins/wp-all-import/models/model/record.php:78
Stack trace:
#0 /data/wwwroot/www.palletboxsale.com/wp-content/plugins/wp-all-import/actions/add_attachment.php(22): PMXI_Model_Record->insert()
#1 /data/wwwroot/www.palletboxsale.com/wp-includes/class-wp-hook.php(303): pmxi_add_attachment(26598)
#2 /data/wwwroot/www.palletboxsale.com/wp-includes/class-wp-hook.php(327): WP_Hook->apply_filters('', Array)
#3 /data/wwwroot/www.palletboxsale.com/wp-includes/plugin.php(470): WP_Hook->do_action(Array)
#4 /data/wwwroot/www.palletboxsale.com/wp-includes/post.php(4401): do_action('add_attachment', 26598)
#5 /data/wwwroot/www.palletboxsale.com/wp-includes/post.php(6084): wp_insert_post(Array, false, true)
#6 /data/wwwroot/www.palletboxsale.com/wp-content/plugins/woocommerce/includes/class-wc-install.php(1363): wp_insert_attachment(Array, '/data/wwwroot/w...')
#7 /data/wwwroot/www.palletboxsale.com/ in /data/wwwroot/www.palletboxsale.com/wp-content/plugins/wp-all-import/models/model/record.php on line 78

2021-10-06T11:14:38+00:00 CRITICAL Uncaught Exception: Table 'palletboxsale.com.wp_pmxi_images' doesn't exist in /data/wwwroot/www.palletboxsale.com/wp-content/plugins/wp-all-import/models/model/record.php:78
Stack trace:
#0 /data/wwwroot/www.palletboxsale.com/wp-content/plugins/wp-all-import/actions/add_attachment.php(22): PMXI_Model_Record->insert()
#1 /data/wwwroot/www.palletboxsale.com/wp-includes/class-wp-hook.php(303): pmxi_add_attachment(26599)
#2 /data/wwwroot/www.palletboxsale.com/wp-includes/class-wp-hook.php(327): WP_Hook->apply_filters('', Array)
#3 /data/wwwroot/www.palletboxsale.com/wp-includes/plugin.php(470): WP_Hook->do_action(Array)
#4 /data/wwwroot/www.palletboxsale.com/wp-includes/post.php(4401): do_action('add_attachment', 26599)
#5 /data/wwwroot/www.palletboxsale.com/wp-includes/post.php(6084): wp_insert_post(Array, false, true)
#6 /data/wwwroot/www.palletboxsale.com/wp-content/plugins/woocommerce/includes/class-wc-install.php(1363): wp_insert_attachment(Array, '/data/wwwroot/w...')
#7 /data/wwwroot/www.palletboxsale.com/ in /data/wwwroot/www.palletboxsale.com/wp-content/plugins/wp-all-import/models/model/record.php on line 78

