2021-03-10T07:43:46+00:00 CRITICAL Uncaught Error: Call to undefined function current_datetime() in /data/wwwroot/www.palletboxsale.com/wp-admin/includes/dashboard.php:966
Stack trace:
#0 /data/wwwroot/www.palletboxsale.com/wp-admin/includes/dashboard.php(904): wp_dashboard_recent_posts(Array)
#1 /data/wwwroot/www.palletboxsale.com/wp-admin/includes/template.php(1306): wp_dashboard_site_activity('', Array)
#2 /data/wwwroot/www.palletboxsale.com/wp-admin/includes/dashboard.php(256): do_meta_boxes(Object(WP_Screen), 'normal', '')
#3 /data/wwwroot/www.palletboxsale.com/wp-admin/index.php(181): wp_dashboard()
#4 {main}
  thrown in /data/wwwroot/www.palletboxsale.com/wp-admin/includes/dashboard.php on line 966

2021-03-10T07:44:50+00:00 CRITICAL Uncaught Exception: Table 'palletboxsale.com.wp_pmxi_images' doesn't exist in /data/wwwroot/www.palletboxsale.com/wp-content/plugins/wp-all-import/models/model/record.php:78
Stack trace:
#0 /data/wwwroot/www.palletboxsale.com/wp-content/plugins/wp-all-import/actions/add_attachment.php(22): PMXI_Model_Record->insert()
#1 /data/wwwroot/www.palletboxsale.com/wp-includes/class-wp-hook.php(292): pmxi_add_attachment(2124)
#2 /data/wwwroot/www.palletboxsale.com/wp-includes/class-wp-hook.php(316): WP_Hook->apply_filters('', Array)
#3 /data/wwwroot/www.palletboxsale.com/wp-includes/plugin.php(484): WP_Hook->do_action(Array)
#4 /data/wwwroot/www.palletboxsale.com/wp-includes/post.php(4317): do_action('add_attachment', 2124)
#5 /data/wwwroot/www.palletboxsale.com/wp-includes/post.php(5979): wp_insert_post(Array, false, true)
#6 /data/wwwroot/www.palletboxsale.com/wp-content/plugins/woocommerce/includes/class-wc-install.php(1335): wp_insert_attachment(Array, '/data/wwwroot/w...')
#7 /data/wwwroot/www.palletboxsale.com/wp in /data/wwwroot/www.palletboxsale.com/wp-content/plugins/wp-all-import/models/model/record.php on line 78

2021-03-10T07:55:23+00:00 CRITICAL Uncaught Exception: Table 'palletboxsale.com.wp_pmxi_images' doesn't exist in /data/wwwroot/www.palletboxsale.com/wp-content/plugins/wp-all-import/models/model/record.php:78
Stack trace:
#0 /data/wwwroot/www.palletboxsale.com/wp-content/plugins/wp-all-import/actions/add_attachment.php(22): PMXI_Model_Record->insert()
#1 /data/wwwroot/www.palletboxsale.com/wp-includes/class-wp-hook.php(292): pmxi_add_attachment(2125)
#2 /data/wwwroot/www.palletboxsale.com/wp-includes/class-wp-hook.php(316): WP_Hook->apply_filters('', Array)
#3 /data/wwwroot/www.palletboxsale.com/wp-includes/plugin.php(484): WP_Hook->do_action(Array)
#4 /data/wwwroot/www.palletboxsale.com/wp-includes/post.php(4317): do_action('add_attachment', 2125)
#5 /data/wwwroot/www.palletboxsale.com/wp-includes/post.php(5979): wp_insert_post(Array, false, true)
#6 /data/wwwroot/www.palletboxsale.com/wp-content/plugins/woocommerce/includes/class-wc-install.php(1335): wp_insert_attachment(Array, '/data/wwwroot/w...')
#7 /data/wwwroot/www.palletboxsale.com/wp in /data/wwwroot/www.palletboxsale.com/wp-content/plugins/wp-all-import/models/model/record.php on line 78

2021-03-10T08:06:26+00:00 CRITICAL Uncaught Exception: Table 'palletboxsale.com.wp_pmxi_images' doesn't exist in /data/wwwroot/www.palletboxsale.com/wp-content/plugins/wp-all-import/models/model/record.php:78
Stack trace:
#0 /data/wwwroot/www.palletboxsale.com/wp-content/plugins/wp-all-import/actions/add_attachment.php(22): PMXI_Model_Record->insert()
#1 /data/wwwroot/www.palletboxsale.com/wp-includes/class-wp-hook.php(292): pmxi_add_attachment(2126)
#2 /data/wwwroot/www.palletboxsale.com/wp-includes/class-wp-hook.php(316): WP_Hook->apply_filters('', Array)
#3 /data/wwwroot/www.palletboxsale.com/wp-includes/plugin.php(484): WP_Hook->do_action(Array)
#4 /data/wwwroot/www.palletboxsale.com/wp-includes/post.php(4317): do_action('add_attachment', 2126)
#5 /data/wwwroot/www.palletboxsale.com/wp-includes/post.php(5979): wp_insert_post(Array, false, true)
#6 /data/wwwroot/www.palletboxsale.com/wp-content/plugins/woocommerce/includes/class-wc-install.php(1335): wp_insert_attachment(Array, '/data/wwwroot/w...')
#7 /data/wwwroot/www.palletboxsale.com/wp in /data/wwwroot/www.palletboxsale.com/wp-content/plugins/wp-all-import/models/model/record.php on line 78

2021-03-10T08:16:47+00:00 CRITICAL Uncaught Exception: Table 'palletboxsale.com.wp_pmxi_images' doesn't exist in /data/wwwroot/www.palletboxsale.com/wp-content/plugins/wp-all-import/models/model/record.php:78
Stack trace:
#0 /data/wwwroot/www.palletboxsale.com/wp-content/plugins/wp-all-import/actions/add_attachment.php(22): PMXI_Model_Record->insert()
#1 /data/wwwroot/www.palletboxsale.com/wp-includes/class-wp-hook.php(292): pmxi_add_attachment(2127)
#2 /data/wwwroot/www.palletboxsale.com/wp-includes/class-wp-hook.php(316): WP_Hook->apply_filters('', Array)
#3 /data/wwwroot/www.palletboxsale.com/wp-includes/plugin.php(484): WP_Hook->do_action(Array)
#4 /data/wwwroot/www.palletboxsale.com/wp-includes/post.php(4317): do_action('add_attachment', 2127)
#5 /data/wwwroot/www.palletboxsale.com/wp-includes/post.php(5979): wp_insert_post(Array, false, true)
#6 /data/wwwroot/www.palletboxsale.com/wp-content/plugins/woocommerce/includes/class-wc-install.php(1335): wp_insert_attachment(Array, '/data/wwwroot/w...')
#7 /data/wwwroot/www.palletboxsale.com/wp in /data/wwwroot/www.palletboxsale.com/wp-content/plugins/wp-all-import/models/model/record.php on line 78

2021-03-10T08:28:02+00:00 CRITICAL Uncaught Exception: Table 'palletboxsale.com.wp_pmxi_images' doesn't exist in /data/wwwroot/www.palletboxsale.com/wp-content/plugins/wp-all-import/models/model/record.php:78
Stack trace:
#0 /data/wwwroot/www.palletboxsale.com/wp-content/plugins/wp-all-import/actions/add_attachment.php(22): PMXI_Model_Record->insert()
#1 /data/wwwroot/www.palletboxsale.com/wp-includes/class-wp-hook.php(292): pmxi_add_attachment(2128)
#2 /data/wwwroot/www.palletboxsale.com/wp-includes/class-wp-hook.php(316): WP_Hook->apply_filters('', Array)
#3 /data/wwwroot/www.palletboxsale.com/wp-includes/plugin.php(484): WP_Hook->do_action(Array)
#4 /data/wwwroot/www.palletboxsale.com/wp-includes/post.php(4317): do_action('add_attachment', 2128)
#5 /data/wwwroot/www.palletboxsale.com/wp-includes/post.php(5979): wp_insert_post(Array, false, true)
#6 /data/wwwroot/www.palletboxsale.com/wp-content/plugins/woocommerce/includes/class-wc-install.php(1335): wp_insert_attachment(Array, '/data/wwwroot/w...')
#7 /data/wwwroot/www.palletboxsale.com/wp in /data/wwwroot/www.palletboxsale.com/wp-content/plugins/wp-all-import/models/model/record.php on line 78

2021-03-10T08:38:07+00:00 CRITICAL Uncaught Exception: Table 'palletboxsale.com.wp_pmxi_images' doesn't exist in /data/wwwroot/www.palletboxsale.com/wp-content/plugins/wp-all-import/models/model/record.php:78
Stack trace:
#0 /data/wwwroot/www.palletboxsale.com/wp-content/plugins/wp-all-import/actions/add_attachment.php(22): PMXI_Model_Record->insert()
#1 /data/wwwroot/www.palletboxsale.com/wp-includes/class-wp-hook.php(292): pmxi_add_attachment(2129)
#2 /data/wwwroot/www.palletboxsale.com/wp-includes/class-wp-hook.php(316): WP_Hook->apply_filters('', Array)
#3 /data/wwwroot/www.palletboxsale.com/wp-includes/plugin.php(484): WP_Hook->do_action(Array)
#4 /data/wwwroot/www.palletboxsale.com/wp-includes/post.php(4317): do_action('add_attachment', 2129)
#5 /data/wwwroot/www.palletboxsale.com/wp-includes/post.php(5979): wp_insert_post(Array, false, true)
#6 /data/wwwroot/www.palletboxsale.com/wp-content/plugins/woocommerce/includes/class-wc-install.php(1335): wp_insert_attachment(Array, '/data/wwwroot/w...')
#7 /data/wwwroot/www.palletboxsale.com/wp in /data/wwwroot/www.palletboxsale.com/wp-content/plugins/wp-all-import/models/model/record.php on line 78

2021-03-10T08:49:27+00:00 CRITICAL Uncaught Exception: Table 'palletboxsale.com.wp_pmxi_images' doesn't exist in /data/wwwroot/www.palletboxsale.com/wp-content/plugins/wp-all-import/models/model/record.php:78
Stack trace:
#0 /data/wwwroot/www.palletboxsale.com/wp-content/plugins/wp-all-import/actions/add_attachment.php(22): PMXI_Model_Record->insert()
#1 /data/wwwroot/www.palletboxsale.com/wp-includes/class-wp-hook.php(292): pmxi_add_attachment(2130)
#2 /data/wwwroot/www.palletboxsale.com/wp-includes/class-wp-hook.php(316): WP_Hook->apply_filters('', Array)
#3 /data/wwwroot/www.palletboxsale.com/wp-includes/plugin.php(484): WP_Hook->do_action(Array)
#4 /data/wwwroot/www.palletboxsale.com/wp-includes/post.php(4317): do_action('add_attachment', 2130)
#5 /data/wwwroot/www.palletboxsale.com/wp-includes/post.php(5979): wp_insert_post(Array, false, true)
#6 /data/wwwroot/www.palletboxsale.com/wp-content/plugins/woocommerce/includes/class-wc-install.php(1335): wp_insert_attachment(Array, '/data/wwwroot/w...')
#7 /data/wwwroot/www.palletboxsale.com/wp in /data/wwwroot/www.palletboxsale.com/wp-content/plugins/wp-all-import/models/model/record.php on line 78

2021-03-10T08:59:47+00:00 CRITICAL Uncaught Exception: Table 'palletboxsale.com.wp_pmxi_images' doesn't exist in /data/wwwroot/www.palletboxsale.com/wp-content/plugins/wp-all-import/models/model/record.php:78
Stack trace:
#0 /data/wwwroot/www.palletboxsale.com/wp-content/plugins/wp-all-import/actions/add_attachment.php(22): PMXI_Model_Record->insert()
#1 /data/wwwroot/www.palletboxsale.com/wp-includes/class-wp-hook.php(292): pmxi_add_attachment(2131)
#2 /data/wwwroot/www.palletboxsale.com/wp-includes/class-wp-hook.php(316): WP_Hook->apply_filters('', Array)
#3 /data/wwwroot/www.palletboxsale.com/wp-includes/plugin.php(484): WP_Hook->do_action(Array)
#4 /data/wwwroot/www.palletboxsale.com/wp-includes/post.php(4317): do_action('add_attachment', 2131)
#5 /data/wwwroot/www.palletboxsale.com/wp-includes/post.php(5979): wp_insert_post(Array, false, true)
#6 /data/wwwroot/www.palletboxsale.com/wp-content/plugins/woocommerce/includes/class-wc-install.php(1335): wp_insert_attachment(Array, '/data/wwwroot/w...')
#7 /data/wwwroot/www.palletboxsale.com/wp in /data/wwwroot/www.palletboxsale.com/wp-content/plugins/wp-all-import/models/model/record.php on line 78

2021-03-10T09:11:24+00:00 CRITICAL Uncaught Exception: Table 'palletboxsale.com.wp_pmxi_images' doesn't exist in /data/wwwroot/www.palletboxsale.com/wp-content/plugins/wp-all-import/models/model/record.php:78
Stack trace:
#0 /data/wwwroot/www.palletboxsale.com/wp-content/plugins/wp-all-import/actions/add_attachment.php(22): PMXI_Model_Record->insert()
#1 /data/wwwroot/www.palletboxsale.com/wp-includes/class-wp-hook.php(292): pmxi_add_attachment(2132)
#2 /data/wwwroot/www.palletboxsale.com/wp-includes/class-wp-hook.php(316): WP_Hook->apply_filters('', Array)
#3 /data/wwwroot/www.palletboxsale.com/wp-includes/plugin.php(484): WP_Hook->do_action(Array)
#4 /data/wwwroot/www.palletboxsale.com/wp-includes/post.php(4317): do_action('add_attachment', 2132)
#5 /data/wwwroot/www.palletboxsale.com/wp-includes/post.php(5979): wp_insert_post(Array, false, true)
#6 /data/wwwroot/www.palletboxsale.com/wp-content/plugins/woocommerce/includes/class-wc-install.php(1335): wp_insert_attachment(Array, '/data/wwwroot/w...')
#7 /data/wwwroot/www.palletboxsale.com/wp in /data/wwwroot/www.palletboxsale.com/wp-content/plugins/wp-all-import/models/model/record.php on line 78

2021-03-10T09:28:35+00:00 CRITICAL Uncaught Exception: Table 'palletboxsale.com.wp_pmxi_images' doesn't exist in /data/wwwroot/www.palletboxsale.com/wp-content/plugins/wp-all-import/models/model/record.php:78
Stack trace:
#0 /data/wwwroot/www.palletboxsale.com/wp-content/plugins/wp-all-import/actions/add_attachment.php(22): PMXI_Model_Record->insert()
#1 /data/wwwroot/www.palletboxsale.com/wp-includes/class-wp-hook.php(292): pmxi_add_attachment(2133)
#2 /data/wwwroot/www.palletboxsale.com/wp-includes/class-wp-hook.php(316): WP_Hook->apply_filters('', Array)
#3 /data/wwwroot/www.palletboxsale.com/wp-includes/plugin.php(484): WP_Hook->do_action(Array)
#4 /data/wwwroot/www.palletboxsale.com/wp-includes/post.php(4317): do_action('add_attachment', 2133)
#5 /data/wwwroot/www.palletboxsale.com/wp-includes/post.php(5979): wp_insert_post(Array, false, true)
#6 /data/wwwroot/www.palletboxsale.com/wp-content/plugins/woocommerce/includes/class-wc-install.php(1335): wp_insert_attachment(Array, '/data/wwwroot/w...')
#7 /data/wwwroot/www.palletboxsale.com/wp in /data/wwwroot/www.palletboxsale.com/wp-content/plugins/wp-all-import/models/model/record.php on line 78

2021-03-10T09:38:51+00:00 CRITICAL Uncaught Exception: Table 'palletboxsale.com.wp_pmxi_images' doesn't exist in /data/wwwroot/www.palletboxsale.com/wp-content/plugins/wp-all-import/models/model/record.php:78
Stack trace:
#0 /data/wwwroot/www.palletboxsale.com/wp-content/plugins/wp-all-import/actions/add_attachment.php(22): PMXI_Model_Record->insert()
#1 /data/wwwroot/www.palletboxsale.com/wp-includes/class-wp-hook.php(292): pmxi_add_attachment(2134)
#2 /data/wwwroot/www.palletboxsale.com/wp-includes/class-wp-hook.php(316): WP_Hook->apply_filters('', Array)
#3 /data/wwwroot/www.palletboxsale.com/wp-includes/plugin.php(484): WP_Hook->do_action(Array)
#4 /data/wwwroot/www.palletboxsale.com/wp-includes/post.php(4317): do_action('add_attachment', 2134)
#5 /data/wwwroot/www.palletboxsale.com/wp-includes/post.php(5979): wp_insert_post(Array, false, true)
#6 /data/wwwroot/www.palletboxsale.com/wp-content/plugins/woocommerce/includes/class-wc-install.php(1335): wp_insert_attachment(Array, '/data/wwwroot/w...')
#7 /data/wwwroot/www.palletboxsale.com/wp in /data/wwwroot/www.palletboxsale.com/wp-content/plugins/wp-all-import/models/model/record.php on line 78

2021-03-10T09:49:19+00:00 CRITICAL Uncaught Exception: Table 'palletboxsale.com.wp_pmxi_images' doesn't exist in /data/wwwroot/www.palletboxsale.com/wp-content/plugins/wp-all-import/models/model/record.php:78
Stack trace:
#0 /data/wwwroot/www.palletboxsale.com/wp-content/plugins/wp-all-import/actions/add_attachment.php(22): PMXI_Model_Record->insert()
#1 /data/wwwroot/www.palletboxsale.com/wp-includes/class-wp-hook.php(292): pmxi_add_attachment(2135)
#2 /data/wwwroot/www.palletboxsale.com/wp-includes/class-wp-hook.php(316): WP_Hook->apply_filters('', Array)
#3 /data/wwwroot/www.palletboxsale.com/wp-includes/plugin.php(484): WP_Hook->do_action(Array)
#4 /data/wwwroot/www.palletboxsale.com/wp-includes/post.php(4317): do_action('add_attachment', 2135)
#5 /data/wwwroot/www.palletboxsale.com/wp-includes/post.php(5979): wp_insert_post(Array, false, true)
#6 /data/wwwroot/www.palletboxsale.com/wp-content/plugins/woocommerce/includes/class-wc-install.php(1335): wp_insert_attachment(Array, '/data/wwwroot/w...')
#7 /data/wwwroot/www.palletboxsale.com/wp in /data/wwwroot/www.palletboxsale.com/wp-content/plugins/wp-all-import/models/model/record.php on line 78

2021-03-10T10:14:12+00:00 CRITICAL Uncaught Exception: Table 'palletboxsale.com.wp_pmxi_images' doesn't exist in /data/wwwroot/www.palletboxsale.com/wp-content/plugins/wp-all-import/models/model/record.php:78
Stack trace:
#0 /data/wwwroot/www.palletboxsale.com/wp-content/plugins/wp-all-import/actions/add_attachment.php(22): PMXI_Model_Record->insert()
#1 /data/wwwroot/www.palletboxsale.com/wp-includes/class-wp-hook.php(292): pmxi_add_attachment(2136)
#2 /data/wwwroot/www.palletboxsale.com/wp-includes/class-wp-hook.php(316): WP_Hook->apply_filters('', Array)
#3 /data/wwwroot/www.palletboxsale.com/wp-includes/plugin.php(484): WP_Hook->do_action(Array)
#4 /data/wwwroot/www.palletboxsale.com/wp-includes/post.php(4317): do_action('add_attachment', 2136)
#5 /data/wwwroot/www.palletboxsale.com/wp-includes/post.php(5979): wp_insert_post(Array, false, true)
#6 /data/wwwroot/www.palletboxsale.com/wp-content/plugins/woocommerce/includes/class-wc-install.php(1335): wp_insert_attachment(Array, '/data/wwwroot/w...')
#7 /data/wwwroot/www.palletboxsale.com/wp in /data/wwwroot/www.palletboxsale.com/wp-content/plugins/wp-all-import/models/model/record.php on line 78

2021-03-10T10:31:03+00:00 CRITICAL Uncaught Exception: Table 'palletboxsale.com.wp_pmxi_images' doesn't exist in /data/wwwroot/www.palletboxsale.com/wp-content/plugins/wp-all-import/models/model/record.php:78
Stack trace:
#0 /data/wwwroot/www.palletboxsale.com/wp-content/plugins/wp-all-import/actions/add_attachment.php(22): PMXI_Model_Record->insert()
#1 /data/wwwroot/www.palletboxsale.com/wp-includes/class-wp-hook.php(292): pmxi_add_attachment(2137)
#2 /data/wwwroot/www.palletboxsale.com/wp-includes/class-wp-hook.php(316): WP_Hook->apply_filters('', Array)
#3 /data/wwwroot/www.palletboxsale.com/wp-includes/plugin.php(484): WP_Hook->do_action(Array)
#4 /data/wwwroot/www.palletboxsale.com/wp-includes/post.php(4317): do_action('add_attachment', 2137)
#5 /data/wwwroot/www.palletboxsale.com/wp-includes/post.php(5979): wp_insert_post(Array, false, true)
#6 /data/wwwroot/www.palletboxsale.com/wp-content/plugins/woocommerce/includes/class-wc-install.php(1335): wp_insert_attachment(Array, '/data/wwwroot/w...')
#7 /data/wwwroot/www.palletboxsale.com/wp in /data/wwwroot/www.palletboxsale.com/wp-content/plugins/wp-all-import/models/model/record.php on line 78

2021-03-10T10:42:36+00:00 CRITICAL Uncaught Exception: Table 'palletboxsale.com.wp_pmxi_images' doesn't exist in /data/wwwroot/www.palletboxsale.com/wp-content/plugins/wp-all-import/models/model/record.php:78
Stack trace:
#0 /data/wwwroot/www.palletboxsale.com/wp-content/plugins/wp-all-import/actions/add_attachment.php(22): PMXI_Model_Record->insert()
#1 /data/wwwroot/www.palletboxsale.com/wp-includes/class-wp-hook.php(292): pmxi_add_attachment(2138)
#2 /data/wwwroot/www.palletboxsale.com/wp-includes/class-wp-hook.php(316): WP_Hook->apply_filters('', Array)
#3 /data/wwwroot/www.palletboxsale.com/wp-includes/plugin.php(484): WP_Hook->do_action(Array)
#4 /data/wwwroot/www.palletboxsale.com/wp-includes/post.php(4317): do_action('add_attachment', 2138)
#5 /data/wwwroot/www.palletboxsale.com/wp-includes/post.php(5979): wp_insert_post(Array, false, true)
#6 /data/wwwroot/www.palletboxsale.com/wp-content/plugins/woocommerce/includes/class-wc-install.php(1335): wp_insert_attachment(Array, '/data/wwwroot/w...')
#7 /data/wwwroot/www.palletboxsale.com/wp in /data/wwwroot/www.palletboxsale.com/wp-content/plugins/wp-all-import/models/model/record.php on line 78

2021-03-10T11:01:51+00:00 CRITICAL Uncaught Exception: Table 'palletboxsale.com.wp_pmxi_images' doesn't exist in /data/wwwroot/www.palletboxsale.com/wp-content/plugins/wp-all-import/models/model/record.php:78
Stack trace:
#0 /data/wwwroot/www.palletboxsale.com/wp-content/plugins/wp-all-import/actions/add_attachment.php(22): PMXI_Model_Record->insert()
#1 /data/wwwroot/www.palletboxsale.com/wp-includes/class-wp-hook.php(292): pmxi_add_attachment(2139)
#2 /data/wwwroot/www.palletboxsale.com/wp-includes/class-wp-hook.php(316): WP_Hook->apply_filters('', Array)
#3 /data/wwwroot/www.palletboxsale.com/wp-includes/plugin.php(484): WP_Hook->do_action(Array)
#4 /data/wwwroot/www.palletboxsale.com/wp-includes/post.php(4317): do_action('add_attachment', 2139)
#5 /data/wwwroot/www.palletboxsale.com/wp-includes/post.php(5979): wp_insert_post(Array, false, true)
#6 /data/wwwroot/www.palletboxsale.com/wp-content/plugins/woocommerce/includes/class-wc-install.php(1335): wp_insert_attachment(Array, '/data/wwwroot/w...')
#7 /data/wwwroot/www.palletboxsale.com/wp in /data/wwwroot/www.palletboxsale.com/wp-content/plugins/wp-all-import/models/model/record.php on line 78

2021-03-10T11:13:12+00:00 CRITICAL Uncaught Exception: Table 'palletboxsale.com.wp_pmxi_images' doesn't exist in /data/wwwroot/www.palletboxsale.com/wp-content/plugins/wp-all-import/models/model/record.php:78
Stack trace:
#0 /data/wwwroot/www.palletboxsale.com/wp-content/plugins/wp-all-import/actions/add_attachment.php(22): PMXI_Model_Record->insert()
#1 /data/wwwroot/www.palletboxsale.com/wp-includes/class-wp-hook.php(292): pmxi_add_attachment(2140)
#2 /data/wwwroot/www.palletboxsale.com/wp-includes/class-wp-hook.php(316): WP_Hook->apply_filters('', Array)
#3 /data/wwwroot/www.palletboxsale.com/wp-includes/plugin.php(484): WP_Hook->do_action(Array)
#4 /data/wwwroot/www.palletboxsale.com/wp-includes/post.php(4317): do_action('add_attachment', 2140)
#5 /data/wwwroot/www.palletboxsale.com/wp-includes/post.php(5979): wp_insert_post(Array, false, true)
#6 /data/wwwroot/www.palletboxsale.com/wp-content/plugins/woocommerce/includes/class-wc-install.php(1335): wp_insert_attachment(Array, '/data/wwwroot/w...')
#7 /data/wwwroot/www.palletboxsale.com/wp in /data/wwwroot/www.palletboxsale.com/wp-content/plugins/wp-all-import/models/model/record.php on line 78

2021-03-10T11:24:49+00:00 CRITICAL Uncaught Exception: Table 'palletboxsale.com.wp_pmxi_images' doesn't exist in /data/wwwroot/www.palletboxsale.com/wp-content/plugins/wp-all-import/models/model/record.php:78
Stack trace:
#0 /data/wwwroot/www.palletboxsale.com/wp-content/plugins/wp-all-import/actions/add_attachment.php(22): PMXI_Model_Record->insert()
#1 /data/wwwroot/www.palletboxsale.com/wp-includes/class-wp-hook.php(292): pmxi_add_attachment(2141)
#2 /data/wwwroot/www.palletboxsale.com/wp-includes/class-wp-hook.php(316): WP_Hook->apply_filters('', Array)
#3 /data/wwwroot/www.palletboxsale.com/wp-includes/plugin.php(484): WP_Hook->do_action(Array)
#4 /data/wwwroot/www.palletboxsale.com/wp-includes/post.php(4317): do_action('add_attachment', 2141)
#5 /data/wwwroot/www.palletboxsale.com/wp-includes/post.php(5979): wp_insert_post(Array, false, true)
#6 /data/wwwroot/www.palletboxsale.com/wp-content/plugins/woocommerce/includes/class-wc-install.php(1335): wp_insert_attachment(Array, '/data/wwwroot/w...')
#7 /data/wwwroot/www.palletboxsale.com/wp in /data/wwwroot/www.palletboxsale.com/wp-content/plugins/wp-all-import/models/model/record.php on line 78

2021-03-10T12:01:08+00:00 CRITICAL Uncaught Exception: Table 'palletboxsale.com.wp_pmxi_images' doesn't exist in /data/wwwroot/www.palletboxsale.com/wp-content/plugins/wp-all-import/models/model/record.php:78
Stack trace:
#0 /data/wwwroot/www.palletboxsale.com/wp-content/plugins/wp-all-import/actions/add_attachment.php(22): PMXI_Model_Record->insert()
#1 /data/wwwroot/www.palletboxsale.com/wp-includes/class-wp-hook.php(292): pmxi_add_attachment(2142)
#2 /data/wwwroot/www.palletboxsale.com/wp-includes/class-wp-hook.php(316): WP_Hook->apply_filters('', Array)
#3 /data/wwwroot/www.palletboxsale.com/wp-includes/plugin.php(484): WP_Hook->do_action(Array)
#4 /data/wwwroot/www.palletboxsale.com/wp-includes/post.php(4317): do_action('add_attachment', 2142)
#5 /data/wwwroot/www.palletboxsale.com/wp-includes/post.php(5979): wp_insert_post(Array, false, true)
#6 /data/wwwroot/www.palletboxsale.com/wp-content/plugins/woocommerce/includes/class-wc-install.php(1335): wp_insert_attachment(Array, '/data/wwwroot/w...')
#7 /data/wwwroot/www.palletboxsale.com/wp in /data/wwwroot/www.palletboxsale.com/wp-content/plugins/wp-all-import/models/model/record.php on line 78

2021-03-10T12:11:26+00:00 CRITICAL Uncaught Exception: Table 'palletboxsale.com.wp_pmxi_images' doesn't exist in /data/wwwroot/www.palletboxsale.com/wp-content/plugins/wp-all-import/models/model/record.php:78
Stack trace:
#0 /data/wwwroot/www.palletboxsale.com/wp-content/plugins/wp-all-import/actions/add_attachment.php(22): PMXI_Model_Record->insert()
#1 /data/wwwroot/www.palletboxsale.com/wp-includes/class-wp-hook.php(292): pmxi_add_attachment(2143)
#2 /data/wwwroot/www.palletboxsale.com/wp-includes/class-wp-hook.php(316): WP_Hook->apply_filters('', Array)
#3 /data/wwwroot/www.palletboxsale.com/wp-includes/plugin.php(484): WP_Hook->do_action(Array)
#4 /data/wwwroot/www.palletboxsale.com/wp-includes/post.php(4317): do_action('add_attachment', 2143)
#5 /data/wwwroot/www.palletboxsale.com/wp-includes/post.php(5979): wp_insert_post(Array, false, true)
#6 /data/wwwroot/www.palletboxsale.com/wp-content/plugins/woocommerce/includes/class-wc-install.php(1335): wp_insert_attachment(Array, '/data/wwwroot/w...')
#7 /data/wwwroot/www.palletboxsale.com/wp in /data/wwwroot/www.palletboxsale.com/wp-content/plugins/wp-all-import/models/model/record.php on line 78

2021-03-10T12:26:43+00:00 CRITICAL Uncaught Exception: Table 'palletboxsale.com.wp_pmxi_images' doesn't exist in /data/wwwroot/www.palletboxsale.com/wp-content/plugins/wp-all-import/models/model/record.php:78
Stack trace:
#0 /data/wwwroot/www.palletboxsale.com/wp-content/plugins/wp-all-import/actions/add_attachment.php(22): PMXI_Model_Record->insert()
#1 /data/wwwroot/www.palletboxsale.com/wp-includes/class-wp-hook.php(292): pmxi_add_attachment(2144)
#2 /data/wwwroot/www.palletboxsale.com/wp-includes/class-wp-hook.php(316): WP_Hook->apply_filters('', Array)
#3 /data/wwwroot/www.palletboxsale.com/wp-includes/plugin.php(484): WP_Hook->do_action(Array)
#4 /data/wwwroot/www.palletboxsale.com/wp-includes/post.php(4317): do_action('add_attachment', 2144)
#5 /data/wwwroot/www.palletboxsale.com/wp-includes/post.php(5979): wp_insert_post(Array, false, true)
#6 /data/wwwroot/www.palletboxsale.com/wp-content/plugins/woocommerce/includes/class-wc-install.php(1335): wp_insert_attachment(Array, '/data/wwwroot/w...')
#7 /data/wwwroot/www.palletboxsale.com/wp in /data/wwwroot/www.palletboxsale.com/wp-content/plugins/wp-all-import/models/model/record.php on line 78

2021-03-10T12:38:53+00:00 CRITICAL Uncaught Exception: Table 'palletboxsale.com.wp_pmxi_images' doesn't exist in /data/wwwroot/www.palletboxsale.com/wp-content/plugins/wp-all-import/models/model/record.php:78
Stack trace:
#0 /data/wwwroot/www.palletboxsale.com/wp-content/plugins/wp-all-import/actions/add_attachment.php(22): PMXI_Model_Record->insert()
#1 /data/wwwroot/www.palletboxsale.com/wp-includes/class-wp-hook.php(292): pmxi_add_attachment(2145)
#2 /data/wwwroot/www.palletboxsale.com/wp-includes/class-wp-hook.php(316): WP_Hook->apply_filters('', Array)
#3 /data/wwwroot/www.palletboxsale.com/wp-includes/plugin.php(484): WP_Hook->do_action(Array)
#4 /data/wwwroot/www.palletboxsale.com/wp-includes/post.php(4317): do_action('add_attachment', 2145)
#5 /data/wwwroot/www.palletboxsale.com/wp-includes/post.php(5979): wp_insert_post(Array, false, true)
#6 /data/wwwroot/www.palletboxsale.com/wp-content/plugins/woocommerce/includes/class-wc-install.php(1335): wp_insert_attachment(Array, '/data/wwwroot/w...')
#7 /data/wwwroot/www.palletboxsale.com/wp in /data/wwwroot/www.palletboxsale.com/wp-content/plugins/wp-all-import/models/model/record.php on line 78

2021-03-10T12:55:06+00:00 CRITICAL Uncaught Exception: Table 'palletboxsale.com.wp_pmxi_images' doesn't exist in /data/wwwroot/www.palletboxsale.com/wp-content/plugins/wp-all-import/models/model/record.php:78
Stack trace:
#0 /data/wwwroot/www.palletboxsale.com/wp-content/plugins/wp-all-import/actions/add_attachment.php(22): PMXI_Model_Record->insert()
#1 /data/wwwroot/www.palletboxsale.com/wp-includes/class-wp-hook.php(292): pmxi_add_attachment(2146)
#2 /data/wwwroot/www.palletboxsale.com/wp-includes/class-wp-hook.php(316): WP_Hook->apply_filters('', Array)
#3 /data/wwwroot/www.palletboxsale.com/wp-includes/plugin.php(484): WP_Hook->do_action(Array)
#4 /data/wwwroot/www.palletboxsale.com/wp-includes/post.php(4317): do_action('add_attachment', 2146)
#5 /data/wwwroot/www.palletboxsale.com/wp-includes/post.php(5979): wp_insert_post(Array, false, true)
#6 /data/wwwroot/www.palletboxsale.com/wp-content/plugins/woocommerce/includes/class-wc-install.php(1335): wp_insert_attachment(Array, '/data/wwwroot/w...')
#7 /data/wwwroot/www.palletboxsale.com/wp in /data/wwwroot/www.palletboxsale.com/wp-content/plugins/wp-all-import/models/model/record.php on line 78

2021-03-10T13:11:46+00:00 CRITICAL Uncaught Exception: Table 'palletboxsale.com.wp_pmxi_images' doesn't exist in /data/wwwroot/www.palletboxsale.com/wp-content/plugins/wp-all-import/models/model/record.php:78
Stack trace:
#0 /data/wwwroot/www.palletboxsale.com/wp-content/plugins/wp-all-import/actions/add_attachment.php(22): PMXI_Model_Record->insert()
#1 /data/wwwroot/www.palletboxsale.com/wp-includes/class-wp-hook.php(292): pmxi_add_attachment(2147)
#2 /data/wwwroot/www.palletboxsale.com/wp-includes/class-wp-hook.php(316): WP_Hook->apply_filters('', Array)
#3 /data/wwwroot/www.palletboxsale.com/wp-includes/plugin.php(484): WP_Hook->do_action(Array)
#4 /data/wwwroot/www.palletboxsale.com/wp-includes/post.php(4317): do_action('add_attachment', 2147)
#5 /data/wwwroot/www.palletboxsale.com/wp-includes/post.php(5979): wp_insert_post(Array, false, true)
#6 /data/wwwroot/www.palletboxsale.com/wp-content/plugins/woocommerce/includes/class-wc-install.php(1335): wp_insert_attachment(Array, '/data/wwwroot/w...')
#7 /data/wwwroot/www.palletboxsale.com/wp in /data/wwwroot/www.palletboxsale.com/wp-content/plugins/wp-all-import/models/model/record.php on line 78

2021-03-10T13:34:38+00:00 CRITICAL Uncaught Exception: Table 'palletboxsale.com.wp_pmxi_images' doesn't exist in /data/wwwroot/www.palletboxsale.com/wp-content/plugins/wp-all-import/models/model/record.php:78
Stack trace:
#0 /data/wwwroot/www.palletboxsale.com/wp-content/plugins/wp-all-import/actions/add_attachment.php(22): PMXI_Model_Record->insert()
#1 /data/wwwroot/www.palletboxsale.com/wp-includes/class-wp-hook.php(292): pmxi_add_attachment(2148)
#2 /data/wwwroot/www.palletboxsale.com/wp-includes/class-wp-hook.php(316): WP_Hook->apply_filters('', Array)
#3 /data/wwwroot/www.palletboxsale.com/wp-includes/plugin.php(484): WP_Hook->do_action(Array)
#4 /data/wwwroot/www.palletboxsale.com/wp-includes/post.php(4317): do_action('add_attachment', 2148)
#5 /data/wwwroot/www.palletboxsale.com/wp-includes/post.php(5979): wp_insert_post(Array, false, true)
#6 /data/wwwroot/www.palletboxsale.com/wp-content/plugins/woocommerce/includes/class-wc-install.php(1335): wp_insert_attachment(Array, '/data/wwwroot/w...')
#7 /data/wwwroot/www.palletboxsale.com/wp in /data/wwwroot/www.palletboxsale.com/wp-content/plugins/wp-all-import/models/model/record.php on line 78

2021-03-10T13:51:53+00:00 CRITICAL Uncaught Exception: Table 'palletboxsale.com.wp_pmxi_images' doesn't exist in /data/wwwroot/www.palletboxsale.com/wp-content/plugins/wp-all-import/models/model/record.php:78
Stack trace:
#0 /data/wwwroot/www.palletboxsale.com/wp-content/plugins/wp-all-import/actions/add_attachment.php(22): PMXI_Model_Record->insert()
#1 /data/wwwroot/www.palletboxsale.com/wp-includes/class-wp-hook.php(292): pmxi_add_attachment(2149)
#2 /data/wwwroot/www.palletboxsale.com/wp-includes/class-wp-hook.php(316): WP_Hook->apply_filters('', Array)
#3 /data/wwwroot/www.palletboxsale.com/wp-includes/plugin.php(484): WP_Hook->do_action(Array)
#4 /data/wwwroot/www.palletboxsale.com/wp-includes/post.php(4317): do_action('add_attachment', 2149)
#5 /data/wwwroot/www.palletboxsale.com/wp-includes/post.php(5979): wp_insert_post(Array, false, true)
#6 /data/wwwroot/www.palletboxsale.com/wp-content/plugins/woocommerce/includes/class-wc-install.php(1335): wp_insert_attachment(Array, '/data/wwwroot/w...')
#7 /data/wwwroot/www.palletboxsale.com/wp in /data/wwwroot/www.palletboxsale.com/wp-content/plugins/wp-all-import/models/model/record.php on line 78

2021-03-10T14:04:03+00:00 CRITICAL Uncaught Exception: Table 'palletboxsale.com.wp_pmxi_images' doesn't exist in /data/wwwroot/www.palletboxsale.com/wp-content/plugins/wp-all-import/models/model/record.php:78
Stack trace:
#0 /data/wwwroot/www.palletboxsale.com/wp-content/plugins/wp-all-import/actions/add_attachment.php(22): PMXI_Model_Record->insert()
#1 /data/wwwroot/www.palletboxsale.com/wp-includes/class-wp-hook.php(292): pmxi_add_attachment(2150)
#2 /data/wwwroot/www.palletboxsale.com/wp-includes/class-wp-hook.php(316): WP_Hook->apply_filters('', Array)
#3 /data/wwwroot/www.palletboxsale.com/wp-includes/plugin.php(484): WP_Hook->do_action(Array)
#4 /data/wwwroot/www.palletboxsale.com/wp-includes/post.php(4317): do_action('add_attachment', 2150)
#5 /data/wwwroot/www.palletboxsale.com/wp-includes/post.php(5979): wp_insert_post(Array, false, true)
#6 /data/wwwroot/www.palletboxsale.com/wp-content/plugins/woocommerce/includes/class-wc-install.php(1335): wp_insert_attachment(Array, '/data/wwwroot/w...')
#7 /data/wwwroot/www.palletboxsale.com/wp in /data/wwwroot/www.palletboxsale.com/wp-content/plugins/wp-all-import/models/model/record.php on line 78

2021-03-10T14:18:16+00:00 CRITICAL Uncaught Exception: Table 'palletboxsale.com.wp_pmxi_images' doesn't exist in /data/wwwroot/www.palletboxsale.com/wp-content/plugins/wp-all-import/models/model/record.php:78
Stack trace:
#0 /data/wwwroot/www.palletboxsale.com/wp-content/plugins/wp-all-import/actions/add_attachment.php(22): PMXI_Model_Record->insert()
#1 /data/wwwroot/www.palletboxsale.com/wp-includes/class-wp-hook.php(292): pmxi_add_attachment(2151)
#2 /data/wwwroot/www.palletboxsale.com/wp-includes/class-wp-hook.php(316): WP_Hook->apply_filters('', Array)
#3 /data/wwwroot/www.palletboxsale.com/wp-includes/plugin.php(484): WP_Hook->do_action(Array)
#4 /data/wwwroot/www.palletboxsale.com/wp-includes/post.php(4317): do_action('add_attachment', 2151)
#5 /data/wwwroot/www.palletboxsale.com/wp-includes/post.php(5979): wp_insert_post(Array, false, true)
#6 /data/wwwroot/www.palletboxsale.com/wp-content/plugins/woocommerce/includes/class-wc-install.php(1335): wp_insert_attachment(Array, '/data/wwwroot/w...')
#7 /data/wwwroot/www.palletboxsale.com/wp in /data/wwwroot/www.palletboxsale.com/wp-content/plugins/wp-all-import/models/model/record.php on line 78

2021-03-10T14:38:20+00:00 CRITICAL Uncaught Exception: Table 'palletboxsale.com.wp_pmxi_images' doesn't exist in /data/wwwroot/www.palletboxsale.com/wp-content/plugins/wp-all-import/models/model/record.php:78
Stack trace:
#0 /data/wwwroot/www.palletboxsale.com/wp-content/plugins/wp-all-import/actions/add_attachment.php(22): PMXI_Model_Record->insert()
#1 /data/wwwroot/www.palletboxsale.com/wp-includes/class-wp-hook.php(292): pmxi_add_attachment(2152)
#2 /data/wwwroot/www.palletboxsale.com/wp-includes/class-wp-hook.php(316): WP_Hook->apply_filters('', Array)
#3 /data/wwwroot/www.palletboxsale.com/wp-includes/plugin.php(484): WP_Hook->do_action(Array)
#4 /data/wwwroot/www.palletboxsale.com/wp-includes/post.php(4317): do_action('add_attachment', 2152)
#5 /data/wwwroot/www.palletboxsale.com/wp-includes/post.php(5979): wp_insert_post(Array, false, true)
#6 /data/wwwroot/www.palletboxsale.com/wp-content/plugins/woocommerce/includes/class-wc-install.php(1335): wp_insert_attachment(Array, '/data/wwwroot/w...')
#7 /data/wwwroot/www.palletboxsale.com/wp in /data/wwwroot/www.palletboxsale.com/wp-content/plugins/wp-all-import/models/model/record.php on line 78

2021-03-10T14:50:09+00:00 CRITICAL Uncaught Exception: Table 'palletboxsale.com.wp_pmxi_images' doesn't exist in /data/wwwroot/www.palletboxsale.com/wp-content/plugins/wp-all-import/models/model/record.php:78
Stack trace:
#0 /data/wwwroot/www.palletboxsale.com/wp-content/plugins/wp-all-import/actions/add_attachment.php(22): PMXI_Model_Record->insert()
#1 /data/wwwroot/www.palletboxsale.com/wp-includes/class-wp-hook.php(292): pmxi_add_attachment(2153)
#2 /data/wwwroot/www.palletboxsale.com/wp-includes/class-wp-hook.php(316): WP_Hook->apply_filters('', Array)
#3 /data/wwwroot/www.palletboxsale.com/wp-includes/plugin.php(484): WP_Hook->do_action(Array)
#4 /data/wwwroot/www.palletboxsale.com/wp-includes/post.php(4317): do_action('add_attachment', 2153)
#5 /data/wwwroot/www.palletboxsale.com/wp-includes/post.php(5979): wp_insert_post(Array, false, true)
#6 /data/wwwroot/www.palletboxsale.com/wp-content/plugins/woocommerce/includes/class-wc-install.php(1335): wp_insert_attachment(Array, '/data/wwwroot/w...')
#7 /data/wwwroot/www.palletboxsale.com/wp in /data/wwwroot/www.palletboxsale.com/wp-content/plugins/wp-all-import/models/model/record.php on line 78

2021-03-10T15:01:55+00:00 CRITICAL Uncaught Exception: Table 'palletboxsale.com.wp_pmxi_images' doesn't exist in /data/wwwroot/www.palletboxsale.com/wp-content/plugins/wp-all-import/models/model/record.php:78
Stack trace:
#0 /data/wwwroot/www.palletboxsale.com/wp-content/plugins/wp-all-import/actions/add_attachment.php(22): PMXI_Model_Record->insert()
#1 /data/wwwroot/www.palletboxsale.com/wp-includes/class-wp-hook.php(292): pmxi_add_attachment(2154)
#2 /data/wwwroot/www.palletboxsale.com/wp-includes/class-wp-hook.php(316): WP_Hook->apply_filters('', Array)
#3 /data/wwwroot/www.palletboxsale.com/wp-includes/plugin.php(484): WP_Hook->do_action(Array)
#4 /data/wwwroot/www.palletboxsale.com/wp-includes/post.php(4317): do_action('add_attachment', 2154)
#5 /data/wwwroot/www.palletboxsale.com/wp-includes/post.php(5979): wp_insert_post(Array, false, true)
#6 /data/wwwroot/www.palletboxsale.com/wp-content/plugins/woocommerce/includes/class-wc-install.php(1335): wp_insert_attachment(Array, '/data/wwwroot/w...')
#7 /data/wwwroot/www.palletboxsale.com/wp in /data/wwwroot/www.palletboxsale.com/wp-content/plugins/wp-all-import/models/model/record.php on line 78

2021-03-10T15:15:40+00:00 CRITICAL Uncaught Exception: Table 'palletboxsale.com.wp_pmxi_images' doesn't exist in /data/wwwroot/www.palletboxsale.com/wp-content/plugins/wp-all-import/models/model/record.php:78
Stack trace:
#0 /data/wwwroot/www.palletboxsale.com/wp-content/plugins/wp-all-import/actions/add_attachment.php(22): PMXI_Model_Record->insert()
#1 /data/wwwroot/www.palletboxsale.com/wp-includes/class-wp-hook.php(292): pmxi_add_attachment(2155)
#2 /data/wwwroot/www.palletboxsale.com/wp-includes/class-wp-hook.php(316): WP_Hook->apply_filters('', Array)
#3 /data/wwwroot/www.palletboxsale.com/wp-includes/plugin.php(484): WP_Hook->do_action(Array)
#4 /data/wwwroot/www.palletboxsale.com/wp-includes/post.php(4317): do_action('add_attachment', 2155)
#5 /data/wwwroot/www.palletboxsale.com/wp-includes/post.php(5979): wp_insert_post(Array, false, true)
#6 /data/wwwroot/www.palletboxsale.com/wp-content/plugins/woocommerce/includes/class-wc-install.php(1335): wp_insert_attachment(Array, '/data/wwwroot/w...')
#7 /data/wwwroot/www.palletboxsale.com/wp in /data/wwwroot/www.palletboxsale.com/wp-content/plugins/wp-all-import/models/model/record.php on line 78

2021-03-10T15:26:50+00:00 CRITICAL Uncaught Exception: Table 'palletboxsale.com.wp_pmxi_images' doesn't exist in /data/wwwroot/www.palletboxsale.com/wp-content/plugins/wp-all-import/models/model/record.php:78
Stack trace:
#0 /data/wwwroot/www.palletboxsale.com/wp-content/plugins/wp-all-import/actions/add_attachment.php(22): PMXI_Model_Record->insert()
#1 /data/wwwroot/www.palletboxsale.com/wp-includes/class-wp-hook.php(292): pmxi_add_attachment(2156)
#2 /data/wwwroot/www.palletboxsale.com/wp-includes/class-wp-hook.php(316): WP_Hook->apply_filters('', Array)
#3 /data/wwwroot/www.palletboxsale.com/wp-includes/plugin.php(484): WP_Hook->do_action(Array)
#4 /data/wwwroot/www.palletboxsale.com/wp-includes/post.php(4317): do_action('add_attachment', 2156)
#5 /data/wwwroot/www.palletboxsale.com/wp-includes/post.php(5979): wp_insert_post(Array, false, true)
#6 /data/wwwroot/www.palletboxsale.com/wp-content/plugins/woocommerce/includes/class-wc-install.php(1335): wp_insert_attachment(Array, '/data/wwwroot/w...')
#7 /data/wwwroot/www.palletboxsale.com/wp in /data/wwwroot/www.palletboxsale.com/wp-content/plugins/wp-all-import/models/model/record.php on line 78

2021-03-10T15:40:01+00:00 CRITICAL Uncaught Exception: Table 'palletboxsale.com.wp_pmxi_images' doesn't exist in /data/wwwroot/www.palletboxsale.com/wp-content/plugins/wp-all-import/models/model/record.php:78
Stack trace:
#0 /data/wwwroot/www.palletboxsale.com/wp-content/plugins/wp-all-import/actions/add_attachment.php(22): PMXI_Model_Record->insert()
#1 /data/wwwroot/www.palletboxsale.com/wp-includes/class-wp-hook.php(292): pmxi_add_attachment(2157)
#2 /data/wwwroot/www.palletboxsale.com/wp-includes/class-wp-hook.php(316): WP_Hook->apply_filters('', Array)
#3 /data/wwwroot/www.palletboxsale.com/wp-includes/plugin.php(484): WP_Hook->do_action(Array)
#4 /data/wwwroot/www.palletboxsale.com/wp-includes/post.php(4317): do_action('add_attachment', 2157)
#5 /data/wwwroot/www.palletboxsale.com/wp-includes/post.php(5979): wp_insert_post(Array, false, true)
#6 /data/wwwroot/www.palletboxsale.com/wp-content/plugins/woocommerce/includes/class-wc-install.php(1335): wp_insert_attachment(Array, '/data/wwwroot/w...')
#7 /data/wwwroot/www.palletboxsale.com/wp in /data/wwwroot/www.palletboxsale.com/wp-content/plugins/wp-all-import/models/model/record.php on line 78

2021-03-10T15:50:17+00:00 CRITICAL Uncaught Exception: Table 'palletboxsale.com.wp_pmxi_images' doesn't exist in /data/wwwroot/www.palletboxsale.com/wp-content/plugins/wp-all-import/models/model/record.php:78
Stack trace:
#0 /data/wwwroot/www.palletboxsale.com/wp-content/plugins/wp-all-import/actions/add_attachment.php(22): PMXI_Model_Record->insert()
#1 /data/wwwroot/www.palletboxsale.com/wp-includes/class-wp-hook.php(292): pmxi_add_attachment(2158)
#2 /data/wwwroot/www.palletboxsale.com/wp-includes/class-wp-hook.php(316): WP_Hook->apply_filters('', Array)
#3 /data/wwwroot/www.palletboxsale.com/wp-includes/plugin.php(484): WP_Hook->do_action(Array)
#4 /data/wwwroot/www.palletboxsale.com/wp-includes/post.php(4317): do_action('add_attachment', 2158)
#5 /data/wwwroot/www.palletboxsale.com/wp-includes/post.php(5979): wp_insert_post(Array, false, true)
#6 /data/wwwroot/www.palletboxsale.com/wp-content/plugins/woocommerce/includes/class-wc-install.php(1335): wp_insert_attachment(Array, '/data/wwwroot/w...')
#7 /data/wwwroot/www.palletboxsale.com/wp in /data/wwwroot/www.palletboxsale.com/wp-content/plugins/wp-all-import/models/model/record.php on line 78

2021-03-10T16:02:16+00:00 CRITICAL Uncaught Exception: Table 'palletboxsale.com.wp_pmxi_images' doesn't exist in /data/wwwroot/www.palletboxsale.com/wp-content/plugins/wp-all-import/models/model/record.php:78
Stack trace:
#0 /data/wwwroot/www.palletboxsale.com/wp-content/plugins/wp-all-import/actions/add_attachment.php(22): PMXI_Model_Record->insert()
#1 /data/wwwroot/www.palletboxsale.com/wp-includes/class-wp-hook.php(292): pmxi_add_attachment(2159)
#2 /data/wwwroot/www.palletboxsale.com/wp-includes/class-wp-hook.php(316): WP_Hook->apply_filters('', Array)
#3 /data/wwwroot/www.palletboxsale.com/wp-includes/plugin.php(484): WP_Hook->do_action(Array)
#4 /data/wwwroot/www.palletboxsale.com/wp-includes/post.php(4317): do_action('add_attachment', 2159)
#5 /data/wwwroot/www.palletboxsale.com/wp-includes/post.php(5979): wp_insert_post(Array, false, true)
#6 /data/wwwroot/www.palletboxsale.com/wp-content/plugins/woocommerce/includes/class-wc-install.php(1335): wp_insert_attachment(Array, '/data/wwwroot/w...')
#7 /data/wwwroot/www.palletboxsale.com/wp in /data/wwwroot/www.palletboxsale.com/wp-content/plugins/wp-all-import/models/model/record.php on line 78

2021-03-10T16:13:27+00:00 CRITICAL Uncaught Exception: Table 'palletboxsale.com.wp_pmxi_images' doesn't exist in /data/wwwroot/www.palletboxsale.com/wp-content/plugins/wp-all-import/models/model/record.php:78
Stack trace:
#0 /data/wwwroot/www.palletboxsale.com/wp-content/plugins/wp-all-import/actions/add_attachment.php(22): PMXI_Model_Record->insert()
#1 /data/wwwroot/www.palletboxsale.com/wp-includes/class-wp-hook.php(292): pmxi_add_attachment(2160)
#2 /data/wwwroot/www.palletboxsale.com/wp-includes/class-wp-hook.php(316): WP_Hook->apply_filters('', Array)
#3 /data/wwwroot/www.palletboxsale.com/wp-includes/plugin.php(484): WP_Hook->do_action(Array)
#4 /data/wwwroot/www.palletboxsale.com/wp-includes/post.php(4317): do_action('add_attachment', 2160)
#5 /data/wwwroot/www.palletboxsale.com/wp-includes/post.php(5979): wp_insert_post(Array, false, true)
#6 /data/wwwroot/www.palletboxsale.com/wp-content/plugins/woocommerce/includes/class-wc-install.php(1335): wp_insert_attachment(Array, '/data/wwwroot/w...')
#7 /data/wwwroot/www.palletboxsale.com/wp in /data/wwwroot/www.palletboxsale.com/wp-content/plugins/wp-all-import/models/model/record.php on line 78

2021-03-10T16:27:46+00:00 CRITICAL Uncaught Exception: Table 'palletboxsale.com.wp_pmxi_images' doesn't exist in /data/wwwroot/www.palletboxsale.com/wp-content/plugins/wp-all-import/models/model/record.php:78
Stack trace:
#0 /data/wwwroot/www.palletboxsale.com/wp-content/plugins/wp-all-import/actions/add_attachment.php(22): PMXI_Model_Record->insert()
#1 /data/wwwroot/www.palletboxsale.com/wp-includes/class-wp-hook.php(292): pmxi_add_attachment(2161)
#2 /data/wwwroot/www.palletboxsale.com/wp-includes/class-wp-hook.php(316): WP_Hook->apply_filters('', Array)
#3 /data/wwwroot/www.palletboxsale.com/wp-includes/plugin.php(484): WP_Hook->do_action(Array)
#4 /data/wwwroot/www.palletboxsale.com/wp-includes/post.php(4317): do_action('add_attachment', 2161)
#5 /data/wwwroot/www.palletboxsale.com/wp-includes/post.php(5979): wp_insert_post(Array, false, true)
#6 /data/wwwroot/www.palletboxsale.com/wp-content/plugins/woocommerce/includes/class-wc-install.php(1335): wp_insert_attachment(Array, '/data/wwwroot/w...')
#7 /data/wwwroot/www.palletboxsale.com/wp in /data/wwwroot/www.palletboxsale.com/wp-content/plugins/wp-all-import/models/model/record.php on line 78

2021-03-10T16:40:23+00:00 CRITICAL Uncaught Exception: Table 'palletboxsale.com.wp_pmxi_images' doesn't exist in /data/wwwroot/www.palletboxsale.com/wp-content/plugins/wp-all-import/models/model/record.php:78
Stack trace:
#0 /data/wwwroot/www.palletboxsale.com/wp-content/plugins/wp-all-import/actions/add_attachment.php(22): PMXI_Model_Record->insert()
#1 /data/wwwroot/www.palletboxsale.com/wp-includes/class-wp-hook.php(292): pmxi_add_attachment(2162)
#2 /data/wwwroot/www.palletboxsale.com/wp-includes/class-wp-hook.php(316): WP_Hook->apply_filters('', Array)
#3 /data/wwwroot/www.palletboxsale.com/wp-includes/plugin.php(484): WP_Hook->do_action(Array)
#4 /data/wwwroot/www.palletboxsale.com/wp-includes/post.php(4317): do_action('add_attachment', 2162)
#5 /data/wwwroot/www.palletboxsale.com/wp-includes/post.php(5979): wp_insert_post(Array, false, true)
#6 /data/wwwroot/www.palletboxsale.com/wp-content/plugins/woocommerce/includes/class-wc-install.php(1335): wp_insert_attachment(Array, '/data/wwwroot/w...')
#7 /data/wwwroot/www.palletboxsale.com/wp in /data/wwwroot/www.palletboxsale.com/wp-content/plugins/wp-all-import/models/model/record.php on line 78

2021-03-10T16:58:49+00:00 CRITICAL Uncaught Exception: Table 'palletboxsale.com.wp_pmxi_images' doesn't exist in /data/wwwroot/www.palletboxsale.com/wp-content/plugins/wp-all-import/models/model/record.php:78
Stack trace:
#0 /data/wwwroot/www.palletboxsale.com/wp-content/plugins/wp-all-import/actions/add_attachment.php(22): PMXI_Model_Record->insert()
#1 /data/wwwroot/www.palletboxsale.com/wp-includes/class-wp-hook.php(292): pmxi_add_attachment(2163)
#2 /data/wwwroot/www.palletboxsale.com/wp-includes/class-wp-hook.php(316): WP_Hook->apply_filters('', Array)
#3 /data/wwwroot/www.palletboxsale.com/wp-includes/plugin.php(484): WP_Hook->do_action(Array)
#4 /data/wwwroot/www.palletboxsale.com/wp-includes/post.php(4317): do_action('add_attachment', 2163)
#5 /data/wwwroot/www.palletboxsale.com/wp-includes/post.php(5979): wp_insert_post(Array, false, true)
#6 /data/wwwroot/www.palletboxsale.com/wp-content/plugins/woocommerce/includes/class-wc-install.php(1335): wp_insert_attachment(Array, '/data/wwwroot/w...')
#7 /data/wwwroot/www.palletboxsale.com/wp in /data/wwwroot/www.palletboxsale.com/wp-content/plugins/wp-all-import/models/model/record.php on line 78

2021-03-10T17:11:10+00:00 CRITICAL Uncaught Exception: Table 'palletboxsale.com.wp_pmxi_images' doesn't exist in /data/wwwroot/www.palletboxsale.com/wp-content/plugins/wp-all-import/models/model/record.php:78
Stack trace:
#0 /data/wwwroot/www.palletboxsale.com/wp-content/plugins/wp-all-import/actions/add_attachment.php(22): PMXI_Model_Record->insert()
#1 /data/wwwroot/www.palletboxsale.com/wp-includes/class-wp-hook.php(292): pmxi_add_attachment(2164)
#2 /data/wwwroot/www.palletboxsale.com/wp-includes/class-wp-hook.php(316): WP_Hook->apply_filters('', Array)
#3 /data/wwwroot/www.palletboxsale.com/wp-includes/plugin.php(484): WP_Hook->do_action(Array)
#4 /data/wwwroot/www.palletboxsale.com/wp-includes/post.php(4317): do_action('add_attachment', 2164)
#5 /data/wwwroot/www.palletboxsale.com/wp-includes/post.php(5979): wp_insert_post(Array, false, true)
#6 /data/wwwroot/www.palletboxsale.com/wp-content/plugins/woocommerce/includes/class-wc-install.php(1335): wp_insert_attachment(Array, '/data/wwwroot/w...')
#7 /data/wwwroot/www.palletboxsale.com/wp in /data/wwwroot/www.palletboxsale.com/wp-content/plugins/wp-all-import/models/model/record.php on line 78

2021-03-10T17:23:45+00:00 CRITICAL Uncaught Exception: Table 'palletboxsale.com.wp_pmxi_images' doesn't exist in /data/wwwroot/www.palletboxsale.com/wp-content/plugins/wp-all-import/models/model/record.php:78
Stack trace:
#0 /data/wwwroot/www.palletboxsale.com/wp-content/plugins/wp-all-import/actions/add_attachment.php(22): PMXI_Model_Record->insert()
#1 /data/wwwroot/www.palletboxsale.com/wp-includes/class-wp-hook.php(292): pmxi_add_attachment(2165)
#2 /data/wwwroot/www.palletboxsale.com/wp-includes/class-wp-hook.php(316): WP_Hook->apply_filters('', Array)
#3 /data/wwwroot/www.palletboxsale.com/wp-includes/plugin.php(484): WP_Hook->do_action(Array)
#4 /data/wwwroot/www.palletboxsale.com/wp-includes/post.php(4317): do_action('add_attachment', 2165)
#5 /data/wwwroot/www.palletboxsale.com/wp-includes/post.php(5979): wp_insert_post(Array, false, true)
#6 /data/wwwroot/www.palletboxsale.com/wp-content/plugins/woocommerce/includes/class-wc-install.php(1335): wp_insert_attachment(Array, '/data/wwwroot/w...')
#7 /data/wwwroot/www.palletboxsale.com/wp in /data/wwwroot/www.palletboxsale.com/wp-content/plugins/wp-all-import/models/model/record.php on line 78

2021-03-10T17:38:18+00:00 CRITICAL Uncaught Exception: Table 'palletboxsale.com.wp_pmxi_images' doesn't exist in /data/wwwroot/www.palletboxsale.com/wp-content/plugins/wp-all-import/models/model/record.php:78
Stack trace:
#0 /data/wwwroot/www.palletboxsale.com/wp-content/plugins/wp-all-import/actions/add_attachment.php(22): PMXI_Model_Record->insert()
#1 /data/wwwroot/www.palletboxsale.com/wp-includes/class-wp-hook.php(292): pmxi_add_attachment(2166)
#2 /data/wwwroot/www.palletboxsale.com/wp-includes/class-wp-hook.php(316): WP_Hook->apply_filters('', Array)
#3 /data/wwwroot/www.palletboxsale.com/wp-includes/plugin.php(484): WP_Hook->do_action(Array)
#4 /data/wwwroot/www.palletboxsale.com/wp-includes/post.php(4317): do_action('add_attachment', 2166)
#5 /data/wwwroot/www.palletboxsale.com/wp-includes/post.php(5979): wp_insert_post(Array, false, true)
#6 /data/wwwroot/www.palletboxsale.com/wp-content/plugins/woocommerce/includes/class-wc-install.php(1335): wp_insert_attachment(Array, '/data/wwwroot/w...')
#7 /data/wwwroot/www.palletboxsale.com/wp in /data/wwwroot/www.palletboxsale.com/wp-content/plugins/wp-all-import/models/model/record.php on line 78

2021-03-10T17:52:52+00:00 CRITICAL Uncaught Exception: Table 'palletboxsale.com.wp_pmxi_images' doesn't exist in /data/wwwroot/www.palletboxsale.com/wp-content/plugins/wp-all-import/models/model/record.php:78
Stack trace:
#0 /data/wwwroot/www.palletboxsale.com/wp-content/plugins/wp-all-import/actions/add_attachment.php(22): PMXI_Model_Record->insert()
#1 /data/wwwroot/www.palletboxsale.com/wp-includes/class-wp-hook.php(292): pmxi_add_attachment(2167)
#2 /data/wwwroot/www.palletboxsale.com/wp-includes/class-wp-hook.php(316): WP_Hook->apply_filters('', Array)
#3 /data/wwwroot/www.palletboxsale.com/wp-includes/plugin.php(484): WP_Hook->do_action(Array)
#4 /data/wwwroot/www.palletboxsale.com/wp-includes/post.php(4317): do_action('add_attachment', 2167)
#5 /data/wwwroot/www.palletboxsale.com/wp-includes/post.php(5979): wp_insert_post(Array, false, true)
#6 /data/wwwroot/www.palletboxsale.com/wp-content/plugins/woocommerce/includes/class-wc-install.php(1335): wp_insert_attachment(Array, '/data/wwwroot/w...')
#7 /data/wwwroot/www.palletboxsale.com/wp in /data/wwwroot/www.palletboxsale.com/wp-content/plugins/wp-all-import/models/model/record.php on line 78

2021-03-10T18:04:18+00:00 CRITICAL Uncaught Exception: Table 'palletboxsale.com.wp_pmxi_images' doesn't exist in /data/wwwroot/www.palletboxsale.com/wp-content/plugins/wp-all-import/models/model/record.php:78
Stack trace:
#0 /data/wwwroot/www.palletboxsale.com/wp-content/plugins/wp-all-import/actions/add_attachment.php(22): PMXI_Model_Record->insert()
#1 /data/wwwroot/www.palletboxsale.com/wp-includes/class-wp-hook.php(292): pmxi_add_attachment(2168)
#2 /data/wwwroot/www.palletboxsale.com/wp-includes/class-wp-hook.php(316): WP_Hook->apply_filters('', Array)
#3 /data/wwwroot/www.palletboxsale.com/wp-includes/plugin.php(484): WP_Hook->do_action(Array)
#4 /data/wwwroot/www.palletboxsale.com/wp-includes/post.php(4317): do_action('add_attachment', 2168)
#5 /data/wwwroot/www.palletboxsale.com/wp-includes/post.php(5979): wp_insert_post(Array, false, true)
#6 /data/wwwroot/www.palletboxsale.com/wp-content/plugins/woocommerce/includes/class-wc-install.php(1335): wp_insert_attachment(Array, '/data/wwwroot/w...')
#7 /data/wwwroot/www.palletboxsale.com/wp in /data/wwwroot/www.palletboxsale.com/wp-content/plugins/wp-all-import/models/model/record.php on line 78

2021-03-10T18:23:41+00:00 CRITICAL Uncaught Exception: Table 'palletboxsale.com.wp_pmxi_images' doesn't exist in /data/wwwroot/www.palletboxsale.com/wp-content/plugins/wp-all-import/models/model/record.php:78
Stack trace:
#0 /data/wwwroot/www.palletboxsale.com/wp-content/plugins/wp-all-import/actions/add_attachment.php(22): PMXI_Model_Record->insert()
#1 /data/wwwroot/www.palletboxsale.com/wp-includes/class-wp-hook.php(292): pmxi_add_attachment(2169)
#2 /data/wwwroot/www.palletboxsale.com/wp-includes/class-wp-hook.php(316): WP_Hook->apply_filters('', Array)
#3 /data/wwwroot/www.palletboxsale.com/wp-includes/plugin.php(484): WP_Hook->do_action(Array)
#4 /data/wwwroot/www.palletboxsale.com/wp-includes/post.php(4317): do_action('add_attachment', 2169)
#5 /data/wwwroot/www.palletboxsale.com/wp-includes/post.php(5979): wp_insert_post(Array, false, true)
#6 /data/wwwroot/www.palletboxsale.com/wp-content/plugins/woocommerce/includes/class-wc-install.php(1335): wp_insert_attachment(Array, '/data/wwwroot/w...')
#7 /data/wwwroot/www.palletboxsale.com/wp in /data/wwwroot/www.palletboxsale.com/wp-content/plugins/wp-all-import/models/model/record.php on line 78

2021-03-10T18:38:58+00:00 CRITICAL Uncaught Exception: Table 'palletboxsale.com.wp_pmxi_images' doesn't exist in /data/wwwroot/www.palletboxsale.com/wp-content/plugins/wp-all-import/models/model/record.php:78
Stack trace:
#0 /data/wwwroot/www.palletboxsale.com/wp-content/plugins/wp-all-import/actions/add_attachment.php(22): PMXI_Model_Record->insert()
#1 /data/wwwroot/www.palletboxsale.com/wp-includes/class-wp-hook.php(292): pmxi_add_attachment(2170)
#2 /data/wwwroot/www.palletboxsale.com/wp-includes/class-wp-hook.php(316): WP_Hook->apply_filters('', Array)
#3 /data/wwwroot/www.palletboxsale.com/wp-includes/plugin.php(484): WP_Hook->do_action(Array)
#4 /data/wwwroot/www.palletboxsale.com/wp-includes/post.php(4317): do_action('add_attachment', 2170)
#5 /data/wwwroot/www.palletboxsale.com/wp-includes/post.php(5979): wp_insert_post(Array, false, true)
#6 /data/wwwroot/www.palletboxsale.com/wp-content/plugins/woocommerce/includes/class-wc-install.php(1335): wp_insert_attachment(Array, '/data/wwwroot/w...')
#7 /data/wwwroot/www.palletboxsale.com/wp in /data/wwwroot/www.palletboxsale.com/wp-content/plugins/wp-all-import/models/model/record.php on line 78

2021-03-10T18:53:12+00:00 CRITICAL Uncaught Exception: Table 'palletboxsale.com.wp_pmxi_images' doesn't exist in /data/wwwroot/www.palletboxsale.com/wp-content/plugins/wp-all-import/models/model/record.php:78
Stack trace:
#0 /data/wwwroot/www.palletboxsale.com/wp-content/plugins/wp-all-import/actions/add_attachment.php(22): PMXI_Model_Record->insert()
#1 /data/wwwroot/www.palletboxsale.com/wp-includes/class-wp-hook.php(292): pmxi_add_attachment(2171)
#2 /data/wwwroot/www.palletboxsale.com/wp-includes/class-wp-hook.php(316): WP_Hook->apply_filters('', Array)
#3 /data/wwwroot/www.palletboxsale.com/wp-includes/plugin.php(484): WP_Hook->do_action(Array)
#4 /data/wwwroot/www.palletboxsale.com/wp-includes/post.php(4317): do_action('add_attachment', 2171)
#5 /data/wwwroot/www.palletboxsale.com/wp-includes/post.php(5979): wp_insert_post(Array, false, true)
#6 /data/wwwroot/www.palletboxsale.com/wp-content/plugins/woocommerce/includes/class-wc-install.php(1335): wp_insert_attachment(Array, '/data/wwwroot/w...')
#7 /data/wwwroot/www.palletboxsale.com/wp in /data/wwwroot/www.palletboxsale.com/wp-content/plugins/wp-all-import/models/model/record.php on line 78

2021-03-10T19:08:02+00:00 CRITICAL Uncaught Exception: Table 'palletboxsale.com.wp_pmxi_images' doesn't exist in /data/wwwroot/www.palletboxsale.com/wp-content/plugins/wp-all-import/models/model/record.php:78
Stack trace:
#0 /data/wwwroot/www.palletboxsale.com/wp-content/plugins/wp-all-import/actions/add_attachment.php(22): PMXI_Model_Record->insert()
#1 /data/wwwroot/www.palletboxsale.com/wp-includes/class-wp-hook.php(292): pmxi_add_attachment(2172)
#2 /data/wwwroot/www.palletboxsale.com/wp-includes/class-wp-hook.php(316): WP_Hook->apply_filters('', Array)
#3 /data/wwwroot/www.palletboxsale.com/wp-includes/plugin.php(484): WP_Hook->do_action(Array)
#4 /data/wwwroot/www.palletboxsale.com/wp-includes/post.php(4317): do_action('add_attachment', 2172)
#5 /data/wwwroot/www.palletboxsale.com/wp-includes/post.php(5979): wp_insert_post(Array, false, true)
#6 /data/wwwroot/www.palletboxsale.com/wp-content/plugins/woocommerce/includes/class-wc-install.php(1335): wp_insert_attachment(Array, '/data/wwwroot/w...')
#7 /data/wwwroot/www.palletboxsale.com/wp in /data/wwwroot/www.palletboxsale.com/wp-content/plugins/wp-all-import/models/model/record.php on line 78

2021-03-10T19:41:47+00:00 CRITICAL Uncaught Exception: Table 'palletboxsale.com.wp_pmxi_images' doesn't exist in /data/wwwroot/www.palletboxsale.com/wp-content/plugins/wp-all-import/models/model/record.php:78
Stack trace:
#0 /data/wwwroot/www.palletboxsale.com/wp-content/plugins/wp-all-import/actions/add_attachment.php(22): PMXI_Model_Record->insert()
#1 /data/wwwroot/www.palletboxsale.com/wp-includes/class-wp-hook.php(292): pmxi_add_attachment(2173)
#2 /data/wwwroot/www.palletboxsale.com/wp-includes/class-wp-hook.php(316): WP_Hook->apply_filters('', Array)
#3 /data/wwwroot/www.palletboxsale.com/wp-includes/plugin.php(484): WP_Hook->do_action(Array)
#4 /data/wwwroot/www.palletboxsale.com/wp-includes/post.php(4317): do_action('add_attachment', 2173)
#5 /data/wwwroot/www.palletboxsale.com/wp-includes/post.php(5979): wp_insert_post(Array, false, true)
#6 /data/wwwroot/www.palletboxsale.com/wp-content/plugins/woocommerce/includes/class-wc-install.php(1335): wp_insert_attachment(Array, '/data/wwwroot/w...')
#7 /data/wwwroot/www.palletboxsale.com/wp in /data/wwwroot/www.palletboxsale.com/wp-content/plugins/wp-all-import/models/model/record.php on line 78

2021-03-10T19:55:03+00:00 CRITICAL Uncaught Exception: Table 'palletboxsale.com.wp_pmxi_images' doesn't exist in /data/wwwroot/www.palletboxsale.com/wp-content/plugins/wp-all-import/models/model/record.php:78
Stack trace:
#0 /data/wwwroot/www.palletboxsale.com/wp-content/plugins/wp-all-import/actions/add_attachment.php(22): PMXI_Model_Record->insert()
#1 /data/wwwroot/www.palletboxsale.com/wp-includes/class-wp-hook.php(292): pmxi_add_attachment(2174)
#2 /data/wwwroot/www.palletboxsale.com/wp-includes/class-wp-hook.php(316): WP_Hook->apply_filters('', Array)
#3 /data/wwwroot/www.palletboxsale.com/wp-includes/plugin.php(484): WP_Hook->do_action(Array)
#4 /data/wwwroot/www.palletboxsale.com/wp-includes/post.php(4317): do_action('add_attachment', 2174)
#5 /data/wwwroot/www.palletboxsale.com/wp-includes/post.php(5979): wp_insert_post(Array, false, true)
#6 /data/wwwroot/www.palletboxsale.com/wp-content/plugins/woocommerce/includes/class-wc-install.php(1335): wp_insert_attachment(Array, '/data/wwwroot/w...')
#7 /data/wwwroot/www.palletboxsale.com/wp in /data/wwwroot/www.palletboxsale.com/wp-content/plugins/wp-all-import/models/model/record.php on line 78

2021-03-10T20:05:29+00:00 CRITICAL Uncaught Exception: Table 'palletboxsale.com.wp_pmxi_images' doesn't exist in /data/wwwroot/www.palletboxsale.com/wp-content/plugins/wp-all-import/models/model/record.php:78
Stack trace:
#0 /data/wwwroot/www.palletboxsale.com/wp-content/plugins/wp-all-import/actions/add_attachment.php(22): PMXI_Model_Record->insert()
#1 /data/wwwroot/www.palletboxsale.com/wp-includes/class-wp-hook.php(292): pmxi_add_attachment(2175)
#2 /data/wwwroot/www.palletboxsale.com/wp-includes/class-wp-hook.php(316): WP_Hook->apply_filters('', Array)
#3 /data/wwwroot/www.palletboxsale.com/wp-includes/plugin.php(484): WP_Hook->do_action(Array)
#4 /data/wwwroot/www.palletboxsale.com/wp-includes/post.php(4317): do_action('add_attachment', 2175)
#5 /data/wwwroot/www.palletboxsale.com/wp-includes/post.php(5979): wp_insert_post(Array, false, true)
#6 /data/wwwroot/www.palletboxsale.com/wp-content/plugins/woocommerce/includes/class-wc-install.php(1335): wp_insert_attachment(Array, '/data/wwwroot/w...')
#7 /data/wwwroot/www.palletboxsale.com/wp in /data/wwwroot/www.palletboxsale.com/wp-content/plugins/wp-all-import/models/model/record.php on line 78

2021-03-10T20:16:52+00:00 CRITICAL Uncaught Exception: Table 'palletboxsale.com.wp_pmxi_images' doesn't exist in /data/wwwroot/www.palletboxsale.com/wp-content/plugins/wp-all-import/models/model/record.php:78
Stack trace:
#0 /data/wwwroot/www.palletboxsale.com/wp-content/plugins/wp-all-import/actions/add_attachment.php(22): PMXI_Model_Record->insert()
#1 /data/wwwroot/www.palletboxsale.com/wp-includes/class-wp-hook.php(292): pmxi_add_attachment(2176)
#2 /data/wwwroot/www.palletboxsale.com/wp-includes/class-wp-hook.php(316): WP_Hook->apply_filters('', Array)
#3 /data/wwwroot/www.palletboxsale.com/wp-includes/plugin.php(484): WP_Hook->do_action(Array)
#4 /data/wwwroot/www.palletboxsale.com/wp-includes/post.php(4317): do_action('add_attachment', 2176)
#5 /data/wwwroot/www.palletboxsale.com/wp-includes/post.php(5979): wp_insert_post(Array, false, true)
#6 /data/wwwroot/www.palletboxsale.com/wp-content/plugins/woocommerce/includes/class-wc-install.php(1335): wp_insert_attachment(Array, '/data/wwwroot/w...')
#7 /data/wwwroot/www.palletboxsale.com/wp in /data/wwwroot/www.palletboxsale.com/wp-content/plugins/wp-all-import/models/model/record.php on line 78

2021-03-10T20:28:34+00:00 CRITICAL Uncaught Exception: Table 'palletboxsale.com.wp_pmxi_images' doesn't exist in /data/wwwroot/www.palletboxsale.com/wp-content/plugins/wp-all-import/models/model/record.php:78
Stack trace:
#0 /data/wwwroot/www.palletboxsale.com/wp-content/plugins/wp-all-import/actions/add_attachment.php(22): PMXI_Model_Record->insert()
#1 /data/wwwroot/www.palletboxsale.com/wp-includes/class-wp-hook.php(292): pmxi_add_attachment(2177)
#2 /data/wwwroot/www.palletboxsale.com/wp-includes/class-wp-hook.php(316): WP_Hook->apply_filters('', Array)
#3 /data/wwwroot/www.palletboxsale.com/wp-includes/plugin.php(484): WP_Hook->do_action(Array)
#4 /data/wwwroot/www.palletboxsale.com/wp-includes/post.php(4317): do_action('add_attachment', 2177)
#5 /data/wwwroot/www.palletboxsale.com/wp-includes/post.php(5979): wp_insert_post(Array, false, true)
#6 /data/wwwroot/www.palletboxsale.com/wp-content/plugins/woocommerce/includes/class-wc-install.php(1335): wp_insert_attachment(Array, '/data/wwwroot/w...')
#7 /data/wwwroot/www.palletboxsale.com/wp in /data/wwwroot/www.palletboxsale.com/wp-content/plugins/wp-all-import/models/model/record.php on line 78

2021-03-10T20:45:08+00:00 CRITICAL Uncaught Exception: Table 'palletboxsale.com.wp_pmxi_images' doesn't exist in /data/wwwroot/www.palletboxsale.com/wp-content/plugins/wp-all-import/models/model/record.php:78
Stack trace:
#0 /data/wwwroot/www.palletboxsale.com/wp-content/plugins/wp-all-import/actions/add_attachment.php(22): PMXI_Model_Record->insert()
#1 /data/wwwroot/www.palletboxsale.com/wp-includes/class-wp-hook.php(292): pmxi_add_attachment(2178)
#2 /data/wwwroot/www.palletboxsale.com/wp-includes/class-wp-hook.php(316): WP_Hook->apply_filters('', Array)
#3 /data/wwwroot/www.palletboxsale.com/wp-includes/plugin.php(484): WP_Hook->do_action(Array)
#4 /data/wwwroot/www.palletboxsale.com/wp-includes/post.php(4317): do_action('add_attachment', 2178)
#5 /data/wwwroot/www.palletboxsale.com/wp-includes/post.php(5979): wp_insert_post(Array, false, true)
#6 /data/wwwroot/www.palletboxsale.com/wp-content/plugins/woocommerce/includes/class-wc-install.php(1335): wp_insert_attachment(Array, '/data/wwwroot/w...')
#7 /data/wwwroot/www.palletboxsale.com/wp in /data/wwwroot/www.palletboxsale.com/wp-content/plugins/wp-all-import/models/model/record.php on line 78

2021-03-10T20:55:14+00:00 CRITICAL Uncaught Exception: Table 'palletboxsale.com.wp_pmxi_images' doesn't exist in /data/wwwroot/www.palletboxsale.com/wp-content/plugins/wp-all-import/models/model/record.php:78
Stack trace:
#0 /data/wwwroot/www.palletboxsale.com/wp-content/plugins/wp-all-import/actions/add_attachment.php(22): PMXI_Model_Record->insert()
#1 /data/wwwroot/www.palletboxsale.com/wp-includes/class-wp-hook.php(292): pmxi_add_attachment(2179)
#2 /data/wwwroot/www.palletboxsale.com/wp-includes/class-wp-hook.php(316): WP_Hook->apply_filters('', Array)
#3 /data/wwwroot/www.palletboxsale.com/wp-includes/plugin.php(484): WP_Hook->do_action(Array)
#4 /data/wwwroot/www.palletboxsale.com/wp-includes/post.php(4317): do_action('add_attachment', 2179)
#5 /data/wwwroot/www.palletboxsale.com/wp-includes/post.php(5979): wp_insert_post(Array, false, true)
#6 /data/wwwroot/www.palletboxsale.com/wp-content/plugins/woocommerce/includes/class-wc-install.php(1335): wp_insert_attachment(Array, '/data/wwwroot/w...')
#7 /data/wwwroot/www.palletboxsale.com/wp in /data/wwwroot/www.palletboxsale.com/wp-content/plugins/wp-all-import/models/model/record.php on line 78

2021-03-10T21:24:50+00:00 CRITICAL Uncaught Exception: Table 'palletboxsale.com.wp_pmxi_images' doesn't exist in /data/wwwroot/www.palletboxsale.com/wp-content/plugins/wp-all-import/models/model/record.php:78
Stack trace:
#0 /data/wwwroot/www.palletboxsale.com/wp-content/plugins/wp-all-import/actions/add_attachment.php(22): PMXI_Model_Record->insert()
#1 /data/wwwroot/www.palletboxsale.com/wp-includes/class-wp-hook.php(292): pmxi_add_attachment(2180)
#2 /data/wwwroot/www.palletboxsale.com/wp-includes/class-wp-hook.php(316): WP_Hook->apply_filters('', Array)
#3 /data/wwwroot/www.palletboxsale.com/wp-includes/plugin.php(484): WP_Hook->do_action(Array)
#4 /data/wwwroot/www.palletboxsale.com/wp-includes/post.php(4317): do_action('add_attachment', 2180)
#5 /data/wwwroot/www.palletboxsale.com/wp-includes/post.php(5979): wp_insert_post(Array, false, true)
#6 /data/wwwroot/www.palletboxsale.com/wp-content/plugins/woocommerce/includes/class-wc-install.php(1335): wp_insert_attachment(Array, '/data/wwwroot/w...')
#7 /data/wwwroot/www.palletboxsale.com/wp in /data/wwwroot/www.palletboxsale.com/wp-content/plugins/wp-all-import/models/model/record.php on line 78

2021-03-10T21:36:01+00:00 CRITICAL Uncaught Exception: Table 'palletboxsale.com.wp_pmxi_images' doesn't exist in /data/wwwroot/www.palletboxsale.com/wp-content/plugins/wp-all-import/models/model/record.php:78
Stack trace:
#0 /data/wwwroot/www.palletboxsale.com/wp-content/plugins/wp-all-import/actions/add_attachment.php(22): PMXI_Model_Record->insert()
#1 /data/wwwroot/www.palletboxsale.com/wp-includes/class-wp-hook.php(292): pmxi_add_attachment(2181)
#2 /data/wwwroot/www.palletboxsale.com/wp-includes/class-wp-hook.php(316): WP_Hook->apply_filters('', Array)
#3 /data/wwwroot/www.palletboxsale.com/wp-includes/plugin.php(484): WP_Hook->do_action(Array)
#4 /data/wwwroot/www.palletboxsale.com/wp-includes/post.php(4317): do_action('add_attachment', 2181)
#5 /data/wwwroot/www.palletboxsale.com/wp-includes/post.php(5979): wp_insert_post(Array, false, true)
#6 /data/wwwroot/www.palletboxsale.com/wp-content/plugins/woocommerce/includes/class-wc-install.php(1335): wp_insert_attachment(Array, '/data/wwwroot/w...')
#7 /data/wwwroot/www.palletboxsale.com/wp in /data/wwwroot/www.palletboxsale.com/wp-content/plugins/wp-all-import/models/model/record.php on line 78

2021-03-10T21:52:02+00:00 CRITICAL Uncaught Exception: Table 'palletboxsale.com.wp_pmxi_images' doesn't exist in /data/wwwroot/www.palletboxsale.com/wp-content/plugins/wp-all-import/models/model/record.php:78
Stack trace:
#0 /data/wwwroot/www.palletboxsale.com/wp-content/plugins/wp-all-import/actions/add_attachment.php(22): PMXI_Model_Record->insert()
#1 /data/wwwroot/www.palletboxsale.com/wp-includes/class-wp-hook.php(292): pmxi_add_attachment(2182)
#2 /data/wwwroot/www.palletboxsale.com/wp-includes/class-wp-hook.php(316): WP_Hook->apply_filters('', Array)
#3 /data/wwwroot/www.palletboxsale.com/wp-includes/plugin.php(484): WP_Hook->do_action(Array)
#4 /data/wwwroot/www.palletboxsale.com/wp-includes/post.php(4317): do_action('add_attachment', 2182)
#5 /data/wwwroot/www.palletboxsale.com/wp-includes/post.php(5979): wp_insert_post(Array, false, true)
#6 /data/wwwroot/www.palletboxsale.com/wp-content/plugins/woocommerce/includes/class-wc-install.php(1335): wp_insert_attachment(Array, '/data/wwwroot/w...')
#7 /data/wwwroot/www.palletboxsale.com/wp in /data/wwwroot/www.palletboxsale.com/wp-content/plugins/wp-all-import/models/model/record.php on line 78

2021-03-10T22:04:47+00:00 CRITICAL Uncaught Exception: Table 'palletboxsale.com.wp_pmxi_images' doesn't exist in /data/wwwroot/www.palletboxsale.com/wp-content/plugins/wp-all-import/models/model/record.php:78
Stack trace:
#0 /data/wwwroot/www.palletboxsale.com/wp-content/plugins/wp-all-import/actions/add_attachment.php(22): PMXI_Model_Record->insert()
#1 /data/wwwroot/www.palletboxsale.com/wp-includes/class-wp-hook.php(292): pmxi_add_attachment(2183)
#2 /data/wwwroot/www.palletboxsale.com/wp-includes/class-wp-hook.php(316): WP_Hook->apply_filters('', Array)
#3 /data/wwwroot/www.palletboxsale.com/wp-includes/plugin.php(484): WP_Hook->do_action(Array)
#4 /data/wwwroot/www.palletboxsale.com/wp-includes/post.php(4317): do_action('add_attachment', 2183)
#5 /data/wwwroot/www.palletboxsale.com/wp-includes/post.php(5979): wp_insert_post(Array, false, true)
#6 /data/wwwroot/www.palletboxsale.com/wp-content/plugins/woocommerce/includes/class-wc-install.php(1335): wp_insert_attachment(Array, '/data/wwwroot/w...')
#7 /data/wwwroot/www.palletboxsale.com/wp in /data/wwwroot/www.palletboxsale.com/wp-content/plugins/wp-all-import/models/model/record.php on line 78

2021-03-10T22:18:33+00:00 CRITICAL Uncaught Exception: Table 'palletboxsale.com.wp_pmxi_images' doesn't exist in /data/wwwroot/www.palletboxsale.com/wp-content/plugins/wp-all-import/models/model/record.php:78
Stack trace:
#0 /data/wwwroot/www.palletboxsale.com/wp-content/plugins/wp-all-import/actions/add_attachment.php(22): PMXI_Model_Record->insert()
#1 /data/wwwroot/www.palletboxsale.com/wp-includes/class-wp-hook.php(292): pmxi_add_attachment(2184)
#2 /data/wwwroot/www.palletboxsale.com/wp-includes/class-wp-hook.php(316): WP_Hook->apply_filters('', Array)
#3 /data/wwwroot/www.palletboxsale.com/wp-includes/plugin.php(484): WP_Hook->do_action(Array)
#4 /data/wwwroot/www.palletboxsale.com/wp-includes/post.php(4317): do_action('add_attachment', 2184)
#5 /data/wwwroot/www.palletboxsale.com/wp-includes/post.php(5979): wp_insert_post(Array, false, true)
#6 /data/wwwroot/www.palletboxsale.com/wp-content/plugins/woocommerce/includes/class-wc-install.php(1335): wp_insert_attachment(Array, '/data/wwwroot/w...')
#7 /data/wwwroot/www.palletboxsale.com/wp in /data/wwwroot/www.palletboxsale.com/wp-content/plugins/wp-all-import/models/model/record.php on line 78

2021-03-10T22:33:17+00:00 CRITICAL Uncaught Exception: Table 'palletboxsale.com.wp_pmxi_images' doesn't exist in /data/wwwroot/www.palletboxsale.com/wp-content/plugins/wp-all-import/models/model/record.php:78
Stack trace:
#0 /data/wwwroot/www.palletboxsale.com/wp-content/plugins/wp-all-import/actions/add_attachment.php(22): PMXI_Model_Record->insert()
#1 /data/wwwroot/www.palletboxsale.com/wp-includes/class-wp-hook.php(292): pmxi_add_attachment(2185)
#2 /data/wwwroot/www.palletboxsale.com/wp-includes/class-wp-hook.php(316): WP_Hook->apply_filters('', Array)
#3 /data/wwwroot/www.palletboxsale.com/wp-includes/plugin.php(484): WP_Hook->do_action(Array)
#4 /data/wwwroot/www.palletboxsale.com/wp-includes/post.php(4317): do_action('add_attachment', 2185)
#5 /data/wwwroot/www.palletboxsale.com/wp-includes/post.php(5979): wp_insert_post(Array, false, true)
#6 /data/wwwroot/www.palletboxsale.com/wp-content/plugins/woocommerce/includes/class-wc-install.php(1335): wp_insert_attachment(Array, '/data/wwwroot/w...')
#7 /data/wwwroot/www.palletboxsale.com/wp in /data/wwwroot/www.palletboxsale.com/wp-content/plugins/wp-all-import/models/model/record.php on line 78

2021-03-10T22:47:21+00:00 CRITICAL Uncaught Exception: Table 'palletboxsale.com.wp_pmxi_images' doesn't exist in /data/wwwroot/www.palletboxsale.com/wp-content/plugins/wp-all-import/models/model/record.php:78
Stack trace:
#0 /data/wwwroot/www.palletboxsale.com/wp-content/plugins/wp-all-import/actions/add_attachment.php(22): PMXI_Model_Record->insert()
#1 /data/wwwroot/www.palletboxsale.com/wp-includes/class-wp-hook.php(292): pmxi_add_attachment(2186)
#2 /data/wwwroot/www.palletboxsale.com/wp-includes/class-wp-hook.php(316): WP_Hook->apply_filters('', Array)
#3 /data/wwwroot/www.palletboxsale.com/wp-includes/plugin.php(484): WP_Hook->do_action(Array)
#4 /data/wwwroot/www.palletboxsale.com/wp-includes/post.php(4317): do_action('add_attachment', 2186)
#5 /data/wwwroot/www.palletboxsale.com/wp-includes/post.php(5979): wp_insert_post(Array, false, true)
#6 /data/wwwroot/www.palletboxsale.com/wp-content/plugins/woocommerce/includes/class-wc-install.php(1335): wp_insert_attachment(Array, '/data/wwwroot/w...')
#7 /data/wwwroot/www.palletboxsale.com/wp in /data/wwwroot/www.palletboxsale.com/wp-content/plugins/wp-all-import/models/model/record.php on line 78

2021-03-10T22:59:23+00:00 CRITICAL Uncaught Exception: Table 'palletboxsale.com.wp_pmxi_images' doesn't exist in /data/wwwroot/www.palletboxsale.com/wp-content/plugins/wp-all-import/models/model/record.php:78
Stack trace:
#0 /data/wwwroot/www.palletboxsale.com/wp-content/plugins/wp-all-import/actions/add_attachment.php(22): PMXI_Model_Record->insert()
#1 /data/wwwroot/www.palletboxsale.com/wp-includes/class-wp-hook.php(292): pmxi_add_attachment(2187)
#2 /data/wwwroot/www.palletboxsale.com/wp-includes/class-wp-hook.php(316): WP_Hook->apply_filters('', Array)
#3 /data/wwwroot/www.palletboxsale.com/wp-includes/plugin.php(484): WP_Hook->do_action(Array)
#4 /data/wwwroot/www.palletboxsale.com/wp-includes/post.php(4317): do_action('add_attachment', 2187)
#5 /data/wwwroot/www.palletboxsale.com/wp-includes/post.php(5979): wp_insert_post(Array, false, true)
#6 /data/wwwroot/www.palletboxsale.com/wp-content/plugins/woocommerce/includes/class-wc-install.php(1335): wp_insert_attachment(Array, '/data/wwwroot/w...')
#7 /data/wwwroot/www.palletboxsale.com/wp in /data/wwwroot/www.palletboxsale.com/wp-content/plugins/wp-all-import/models/model/record.php on line 78

2021-03-10T23:14:06+00:00 CRITICAL Uncaught Exception: Table 'palletboxsale.com.wp_pmxi_images' doesn't exist in /data/wwwroot/www.palletboxsale.com/wp-content/plugins/wp-all-import/models/model/record.php:78
Stack trace:
#0 /data/wwwroot/www.palletboxsale.com/wp-content/plugins/wp-all-import/actions/add_attachment.php(22): PMXI_Model_Record->insert()
#1 /data/wwwroot/www.palletboxsale.com/wp-includes/class-wp-hook.php(292): pmxi_add_attachment(2188)
#2 /data/wwwroot/www.palletboxsale.com/wp-includes/class-wp-hook.php(316): WP_Hook->apply_filters('', Array)
#3 /data/wwwroot/www.palletboxsale.com/wp-includes/plugin.php(484): WP_Hook->do_action(Array)
#4 /data/wwwroot/www.palletboxsale.com/wp-includes/post.php(4317): do_action('add_attachment', 2188)
#5 /data/wwwroot/www.palletboxsale.com/wp-includes/post.php(5979): wp_insert_post(Array, false, true)
#6 /data/wwwroot/www.palletboxsale.com/wp-content/plugins/woocommerce/includes/class-wc-install.php(1335): wp_insert_attachment(Array, '/data/wwwroot/w...')
#7 /data/wwwroot/www.palletboxsale.com/wp in /data/wwwroot/www.palletboxsale.com/wp-content/plugins/wp-all-import/models/model/record.php on line 78

2021-03-10T23:33:29+00:00 CRITICAL Uncaught Exception: Table 'palletboxsale.com.wp_pmxi_images' doesn't exist in /data/wwwroot/www.palletboxsale.com/wp-content/plugins/wp-all-import/models/model/record.php:78
Stack trace:
#0 /data/wwwroot/www.palletboxsale.com/wp-content/plugins/wp-all-import/actions/add_attachment.php(22): PMXI_Model_Record->insert()
#1 /data/wwwroot/www.palletboxsale.com/wp-includes/class-wp-hook.php(292): pmxi_add_attachment(2189)
#2 /data/wwwroot/www.palletboxsale.com/wp-includes/class-wp-hook.php(316): WP_Hook->apply_filters('', Array)
#3 /data/wwwroot/www.palletboxsale.com/wp-includes/plugin.php(484): WP_Hook->do_action(Array)
#4 /data/wwwroot/www.palletboxsale.com/wp-includes/post.php(4317): do_action('add_attachment', 2189)
#5 /data/wwwroot/www.palletboxsale.com/wp-includes/post.php(5979): wp_insert_post(Array, false, true)
#6 /data/wwwroot/www.palletboxsale.com/wp-content/plugins/woocommerce/includes/class-wc-install.php(1335): wp_insert_attachment(Array, '/data/wwwroot/w...')
#7 /data/wwwroot/www.palletboxsale.com/wp in /data/wwwroot/www.palletboxsale.com/wp-content/plugins/wp-all-import/models/model/record.php on line 78

2021-03-10T23:45:37+00:00 CRITICAL Uncaught Exception: Table 'palletboxsale.com.wp_pmxi_images' doesn't exist in /data/wwwroot/www.palletboxsale.com/wp-content/plugins/wp-all-import/models/model/record.php:78
Stack trace:
#0 /data/wwwroot/www.palletboxsale.com/wp-content/plugins/wp-all-import/actions/add_attachment.php(22): PMXI_Model_Record->insert()
#1 /data/wwwroot/www.palletboxsale.com/wp-includes/class-wp-hook.php(292): pmxi_add_attachment(2190)
#2 /data/wwwroot/www.palletboxsale.com/wp-includes/class-wp-hook.php(316): WP_Hook->apply_filters('', Array)
#3 /data/wwwroot/www.palletboxsale.com/wp-includes/plugin.php(484): WP_Hook->do_action(Array)
#4 /data/wwwroot/www.palletboxsale.com/wp-includes/post.php(4317): do_action('add_attachment', 2190)
#5 /data/wwwroot/www.palletboxsale.com/wp-includes/post.php(5979): wp_insert_post(Array, false, true)
#6 /data/wwwroot/www.palletboxsale.com/wp-content/plugins/woocommerce/includes/class-wc-install.php(1335): wp_insert_attachment(Array, '/data/wwwroot/w...')
#7 /data/wwwroot/www.palletboxsale.com/wp in /data/wwwroot/www.palletboxsale.com/wp-content/plugins/wp-all-import/models/model/record.php on line 78

2021-03-10T23:57:29+00:00 CRITICAL Uncaught Exception: Table 'palletboxsale.com.wp_pmxi_images' doesn't exist in /data/wwwroot/www.palletboxsale.com/wp-content/plugins/wp-all-import/models/model/record.php:78
Stack trace:
#0 /data/wwwroot/www.palletboxsale.com/wp-content/plugins/wp-all-import/actions/add_attachment.php(22): PMXI_Model_Record->insert()
#1 /data/wwwroot/www.palletboxsale.com/wp-includes/class-wp-hook.php(292): pmxi_add_attachment(2191)
#2 /data/wwwroot/www.palletboxsale.com/wp-includes/class-wp-hook.php(316): WP_Hook->apply_filters('', Array)
#3 /data/wwwroot/www.palletboxsale.com/wp-includes/plugin.php(484): WP_Hook->do_action(Array)
#4 /data/wwwroot/www.palletboxsale.com/wp-includes/post.php(4317): do_action('add_attachment', 2191)
#5 /data/wwwroot/www.palletboxsale.com/wp-includes/post.php(5979): wp_insert_post(Array, false, true)
#6 /data/wwwroot/www.palletboxsale.com/wp-content/plugins/woocommerce/includes/class-wc-install.php(1335): wp_insert_attachment(Array, '/data/wwwroot/w...')
#7 /data/wwwroot/www.palletboxsale.com/wp in /data/wwwroot/www.palletboxsale.com/wp-content/plugins/wp-all-import/models/model/record.php on line 78

